{"timestamp":"2021-06-07T02:18:22.702Z","ambient temperature top chamber [K]":"NaN273.15","ambient temperature bottom chamber [K]":"NaN273.15"}
{"timestamp":"2021-06-07T02:18:26.056Z","temperature cooling water tank [K]":"NaN273.15","ambient temperature outside [K]":"NaN273.15"}
{"ambient temperature top chamber [K]":"NaN273.15","timestamp":"2021-06-07T02:18:28.127Z","ambient temperature bottom chamber [K]":"NaN273.15","temperature cooling water tank [K]":"NaN273.15"}
{"timestamp":"2021-06-07T02:18:31.482Z","ambient temperature outside [K]":"NaN273.15","ambient temperature top chamber [K]":"NaN273.15"}
{"ambient temperature bottom chamber [K]":"NaN273.15","timestamp":"2021-06-07T02:18:33.552Z","temperature cooling water tank [K]":"NaN273.15","ambient temperature outside [K]":"NaN273.15"}
{"timestamp":"2021-06-07T02:18:36.907Z","ambient temperature top chamber [K]":"NaN273.15","ambient temperature bottom chamber [K]":"NaN273.15"}
{"temperature cooling water tank [K]":"NaN273.15","timestamp":"2021-06-07T02:18:39.278Z","ambient temperature outside [K]":"NaN273.15","ambient temperature top chamber [K]":"NaN273.15"}
{"ambient temperature top chamber [K]":"NaN273.15","ambient temperature outside [K]":"NaN273.15","ambient temperature bottom chamber [K]":"NaN273.15","temperature cooling water tank [K]":"NaN273.15","timestamp":"2021-06-07T02:18:40.262Z"}
{"ambient temperature bottom chamber [K]":"NaN273.15","timestamp":"2021-06-07T02:18:42.332Z","temperature cooling water tank [K]":"NaN273.15","ambient temperature outside [K]":"NaN273.15"}
{"timestamp":"2021-06-07T02:18:45.687Z","ambient temperature top chamber [K]":"NaN273.15","ambient temperature bottom chamber [K]":"NaN273.15"}
{"temperature cooling water tank [K]":"NaN273.15","timestamp":"2021-06-07T02:18:48.006Z","ambient temperature outside [K]":"NaN273.15","ambient temperature top chamber [K]":"NaN273.15"}
{"timestamp":"2021-06-07T02:18:51.111Z","ambient temperature bottom chamber [K]":"NaN273.15","temperature cooling water tank [K]":"NaN273.15"}
{"ambient temperature outside [K]":"NaN273.15","timestamp":"2021-06-07T02:18:53.437Z","ambient temperature top chamber [K]":"NaN273.15","ambient temperature bottom chamber [K]":"NaN273.15"}
{"timestamp":"2021-06-07T02:18:56.787Z","temperature cooling water tank [K]":"NaN273.15","ambient temperature outside [K]":"NaN273.15"}
{"ambient temperature top chamber [K]":"NaN273.15","timestamp":"2021-06-07T02:18:58.857Z","ambient temperature bottom chamber [K]":"NaN273.15","temperature cooling water tank [K]":"NaN273.15"}
{"timestamp":"2021-06-07T02:19:02.212Z","ambient temperature outside [K]":"NaN273.15","ambient temperature top chamber [K]":"NaN273.15"}
{"ambient temperature bottom chamber [K]":"NaN273.15","timestamp":"2021-06-07T02:19:04.287Z","temperature cooling water tank [K]":"NaN273.15","ambient temperature outside [K]":"NaN273.15"}
{"timestamp":"2021-06-07T02:19:07.636Z","ambient temperature top chamber [K]":"NaN273.15","ambient temperature bottom chamber [K]":"NaN273.15"}
{"temperature cooling water tank [K]":"NaN273.15","timestamp":"2021-06-07T02:19:09.957Z","ambient temperature outside [K]":"NaN273.15","ambient temperature top chamber [K]":"NaN273.15"}
{"timestamp":"2021-06-07T02:19:13.062Z","ambient temperature bottom chamber [K]":"NaN273.15","temperature cooling water tank [K]":"NaN273.15"}
{"ambient temperature outside [K]":"NaN273.15","timestamp":"2021-06-07T02:19:15.382Z","ambient temperature top chamber [K]":"NaN273.15","ambient temperature bottom chamber [K]":"NaN273.15"}
{"timestamp":"2021-06-07T02:19:18.737Z","temperature cooling water tank [K]":"NaN273.15","ambient temperature outside [K]":"NaN273.15"}
{"ambient temperature top chamber [K]":"NaN273.15","timestamp":"2021-06-07T02:19:20.807Z","ambient temperature bottom chamber [K]":"NaN273.15","temperature cooling water tank [K]":"NaN273.15"}
{"timestamp":"2021-06-07T02:19:24.162Z","ambient temperature outside [K]":"NaN273.15","ambient temperature top chamber [K]":"NaN273.15"}
{"ambient temperature bottom chamber [K]":"NaN273.15","timestamp":"2021-06-07T02:19:26.232Z","temperature cooling water tank [K]":"NaN273.15","ambient temperature outside [K]":"NaN273.15"}
{"timestamp":"2021-06-07T02:19:29.587Z","ambient temperature top chamber [K]":"NaN273.15","ambient temperature bottom chamber [K]":"NaN273.15"}
{"temperature cooling water tank [K]":"NaN273.15","timestamp":"2021-06-07T02:19:31.907Z","ambient temperature outside [K]":"NaN273.15","ambient temperature top chamber [K]":"NaN273.15"}
{"timestamp":"2021-06-07T02:19:35.023Z","ambient temperature bottom chamber [K]":"NaN273.15","temperature cooling water tank [K]":"NaN273.15"}
{"ambient temperature outside [K]":"NaN273.15","timestamp":"2021-06-07T02:19:37.332Z","ambient temperature top chamber [K]":"NaN273.15","ambient temperature bottom chamber [K]":"NaN273.15"}
{"timestamp":"2021-06-07T02:19:40.687Z","temperature cooling water tank [K]":"NaN273.15","ambient temperature outside [K]":"NaN273.15"}
{"ambient temperature top chamber [K]":"NaN273.15","timestamp":"2021-06-07T02:19:42.757Z","ambient temperature bottom chamber [K]":"NaN273.15","temperature cooling water tank [K]":"NaN273.15"}
{"timestamp":"2021-06-07T02:19:46.112Z","ambient temperature outside [K]":"NaN273.15","ambient temperature top chamber [K]":"NaN273.15"}
{"ambient temperature bottom chamber [K]":"NaN273.15","timestamp":"2021-06-07T02:19:48.182Z","temperature cooling water tank [K]":"NaN273.15","ambient temperature outside [K]":"NaN273.15"}
{"timestamp":"2021-06-07T02:19:51.538Z","ambient temperature top chamber [K]":"NaN273.15","ambient temperature bottom chamber [K]":"NaN273.15"}
{"temperature cooling water tank [K]":"NaN273.15","timestamp":"2021-06-07T02:19:53.858Z","ambient temperature outside [K]":"NaN273.15","ambient temperature top chamber [K]":"NaN273.15"}
{"timestamp":"2021-06-07T02:19:56.963Z","ambient temperature bottom chamber [K]":"NaN273.15","temperature cooling water tank [K]":"NaN273.15"}
{"ambient temperature outside [K]":"NaN273.15","timestamp":"2021-06-07T02:19:59.283Z","ambient temperature top chamber [K]":"NaN273.15","ambient temperature bottom chamber [K]":"NaN273.15"}
{"timestamp":"2021-06-07T02:20:02.638Z","temperature cooling water tank [K]":"NaN273.15","ambient temperature outside [K]":"NaN273.15"}
{"ambient temperature top chamber [K]":"NaN273.15","timestamp":"2021-06-07T02:20:04.709Z","ambient temperature bottom chamber [K]":"NaN273.15","temperature cooling water tank [K]":"NaN273.15"}
{"timestamp":"2021-06-07T02:20:08.079Z","ambient temperature outside [K]":"NaN273.15","ambient temperature top chamber [K]":"NaN273.15"}
{"ambient temperature bottom chamber [K]":"NaN273.15","timestamp":"2021-06-07T02:20:10.134Z","temperature cooling water tank [K]":"NaN273.15","ambient temperature outside [K]":"NaN273.15"}
{"timestamp":"2021-06-07T02:20:13.489Z","ambient temperature top chamber [K]":"NaN273.15","ambient temperature bottom chamber [K]":"NaN273.15"}
{"temperature cooling water tank [K]":"NaN273.15","timestamp":"2021-06-07T02:20:15.810Z","ambient temperature outside [K]":"NaN273.15","ambient temperature top chamber [K]":"NaN273.15"}
{"timestamp":"2021-06-07T02:20:18.914Z","ambient temperature bottom chamber [K]":"NaN273.15","temperature cooling water tank [K]":"NaN273.15"}
{"ambient temperature outside [K]":"NaN273.15","timestamp":"2021-06-07T02:20:21.235Z","ambient temperature top chamber [K]":"NaN273.15","ambient temperature bottom chamber [K]":"NaN273.15"}
{"timestamp":"2021-06-07T02:20:24.590Z","temperature cooling water tank [K]":"NaN273.15","ambient temperature outside [K]":"NaN273.15"}
{"ambient temperature top chamber [K]":"NaN273.15","timestamp":"2021-06-07T02:20:26.660Z","ambient temperature bottom chamber [K]":"NaN273.15","temperature cooling water tank [K]":"NaN273.15"}
{"timestamp":"2021-06-07T02:20:30.015Z","ambient temperature outside [K]":"NaN273.15","ambient temperature top chamber [K]":"NaN273.15"}
{"ambient temperature bottom chamber [K]":"NaN273.15","timestamp":"2021-06-07T02:20:32.085Z","temperature cooling water tank [K]":"NaN273.15","ambient temperature outside [K]":"NaN273.15"}
{"timestamp":"2021-06-07T02:20:35.440Z","ambient temperature top chamber [K]":"NaN273.15","ambient temperature bottom chamber [K]":"NaN273.15"}
{"temperature cooling water tank [K]":"NaN273.15","timestamp":"2021-06-07T02:20:37.760Z","ambient temperature outside [K]":"NaN273.15","ambient temperature top chamber [K]":"NaN273.15"}
{"timestamp":"2021-06-07T02:20:40.866Z","ambient temperature bottom chamber [K]":"NaN273.15","temperature cooling water tank [K]":"NaN273.15"}
{"ambient temperature outside [K]":"NaN273.15","timestamp":"2021-06-07T02:20:43.186Z","ambient temperature top chamber [K]":"NaN273.15","ambient temperature bottom chamber [K]":"NaN273.15"}
{"timestamp":"2021-06-07T02:20:46.558Z","temperature cooling water tank [K]":"NaN273.15","ambient temperature outside [K]":"NaN273.15"}
{"ambient temperature top chamber [K]":"NaN273.15","timestamp":"2021-06-07T02:20:48.611Z","ambient temperature bottom chamber [K]":"NaN273.15","temperature cooling water tank [K]":"NaN273.15"}
{"timestamp":"2021-06-07T02:20:51.975Z","ambient temperature outside [K]":"NaN273.15","ambient temperature top chamber [K]":"NaN273.15"}
{"ambient temperature bottom chamber [K]":"NaN273.15","timestamp":"2021-06-07T02:20:54.036Z","temperature cooling water tank [K]":"NaN273.15","ambient temperature outside [K]":"NaN273.15"}
{"timestamp":"2021-06-07T02:20:57.391Z","ambient temperature top chamber [K]":"NaN273.15","ambient temperature bottom chamber [K]":"NaN273.15"}
{"temperature cooling water tank [K]":"NaN273.15","timestamp":"2021-06-07T02:20:59.711Z","ambient temperature outside [K]":"NaN273.15","ambient temperature top chamber [K]":"NaN273.15"}
{"timestamp":"2021-06-07T02:21:02.816Z","ambient temperature bottom chamber [K]":"NaN273.15","temperature cooling water tank [K]":"NaN273.15"}
{"ambient temperature outside [K]":"NaN273.15","timestamp":"2021-06-07T02:21:05.136Z","ambient temperature top chamber [K]":"NaN273.15","ambient temperature bottom chamber [K]":"NaN273.15"}
{"timestamp":"2021-06-07T02:21:08.492Z","temperature cooling water tank [K]":"NaN273.15","ambient temperature outside [K]":"NaN273.15"}
{"ambient temperature top chamber [K]":"NaN273.15","timestamp":"2021-06-07T02:21:10.561Z","ambient temperature bottom chamber [K]":"NaN273.15","temperature cooling water tank [K]":"NaN273.15"}
{"timestamp":"2021-06-07T02:21:13.917Z","ambient temperature outside [K]":"NaN273.15","ambient temperature top chamber [K]":"NaN273.15"}
{"ambient temperature bottom chamber [K]":"NaN273.15","timestamp":"2021-06-07T02:21:15.986Z","temperature cooling water tank [K]":"NaN273.15","ambient temperature outside [K]":"NaN273.15"}
{"timestamp":"2021-06-07T02:21:19.342Z","ambient temperature top chamber [K]":"NaN273.15","ambient temperature bottom chamber [K]":"NaN273.15"}
{"temperature cooling water tank [K]":"NaN273.15","timestamp":"2021-06-07T02:21:21.662Z","ambient temperature outside [K]":"NaN273.15","ambient temperature top chamber [K]":"NaN273.15"}
{"timestamp":"2021-06-07T02:21:24.767Z","ambient temperature bottom chamber [K]":"NaN273.15","temperature cooling water tank [K]":"NaN273.15"}
{"ambient temperature outside [K]":"NaN273.15","timestamp":"2021-06-07T02:21:27.097Z","ambient temperature top chamber [K]":"NaN273.15","ambient temperature bottom chamber [K]":"NaN273.15"}
{"timestamp":"2021-06-07T02:21:30.442Z","temperature cooling water tank [K]":"NaN273.15","ambient temperature outside [K]":"NaN273.15"}
{"ambient temperature top chamber [K]":"NaN273.15","timestamp":"2021-06-07T02:21:32.512Z","ambient temperature bottom chamber [K]":"NaN273.15","temperature cooling water tank [K]":"NaN273.15"}
{"timestamp":"2021-06-07T02:21:35.867Z","ambient temperature outside [K]":"NaN273.15","ambient temperature top chamber [K]":"NaN273.15"}
{"ambient temperature bottom chamber [K]":"NaN273.15","timestamp":"2021-06-07T02:21:37.937Z","temperature cooling water tank [K]":"NaN273.15","ambient temperature outside [K]":"NaN273.15"}
{"timestamp":"2021-06-07T02:21:41.293Z","ambient temperature top chamber [K]":"NaN273.15","ambient temperature bottom chamber [K]":"NaN273.15"}
{"temperature cooling water tank [K]":"NaN273.15","timestamp":"2021-06-07T02:21:43.613Z","ambient temperature outside [K]":"NaN273.15","ambient temperature top chamber [K]":"NaN273.15"}
{"timestamp":"2021-06-07T02:21:46.718Z","ambient temperature bottom chamber [K]":"NaN273.15","temperature cooling water tank [K]":"NaN273.15"}
{"ambient temperature outside [K]":"NaN273.15","timestamp":"2021-06-07T02:21:49.038Z","ambient temperature top chamber [K]":"NaN273.15","ambient temperature bottom chamber [K]":"NaN273.15"}
{"timestamp":"2021-06-07T02:21:52.400Z","temperature cooling water tank [K]":"NaN273.15","ambient temperature outside [K]":"NaN273.15"}
{"ambient temperature top chamber [K]":"NaN273.15","timestamp":"2021-06-07T02:21:54.463Z","ambient temperature bottom chamber [K]":"NaN273.15","temperature cooling water tank [K]":"NaN273.15"}
{"timestamp":"2021-06-07T02:21:57.818Z","ambient temperature outside [K]":"NaN273.15","ambient temperature top chamber [K]":"NaN273.15"}
{"ambient temperature bottom chamber [K]":"NaN273.15","timestamp":"2021-06-07T02:21:59.888Z","temperature cooling water tank [K]":"NaN273.15","ambient temperature outside [K]":"NaN273.15"}
{"timestamp":"2021-06-07T02:22:03.243Z","ambient temperature top chamber [K]":"NaN273.15","ambient temperature bottom chamber [K]":"NaN273.15"}
{"temperature cooling water tank [K]":"NaN273.15","timestamp":"2021-06-07T02:22:05.563Z","ambient temperature outside [K]":"NaN273.15","ambient temperature top chamber [K]":"NaN273.15"}
{"timestamp":"2021-06-07T02:22:08.668Z","ambient temperature bottom chamber [K]":"NaN273.15","temperature cooling water tank [K]":"NaN273.15"}
{"ambient temperature outside [K]":"NaN273.15","timestamp":"2021-06-07T02:22:10.988Z","ambient temperature top chamber [K]":"NaN273.15","ambient temperature bottom chamber [K]":"NaN273.15"}
{"timestamp":"2021-06-07T02:22:14.346Z","temperature cooling water tank [K]":"NaN273.15","ambient temperature outside [K]":"NaN273.15"}
{"ambient temperature top chamber [K]":"NaN273.15","timestamp":"2021-06-07T02:22:16.414Z","ambient temperature bottom chamber [K]":"NaN273.15","temperature cooling water tank [K]":"NaN273.15"}
{"timestamp":"2021-06-07T02:22:19.771Z","ambient temperature outside [K]":"NaN273.15","ambient temperature top chamber [K]":"NaN273.15"}
{"ambient temperature bottom chamber [K]":"NaN273.15","timestamp":"2021-06-07T02:22:21.839Z","temperature cooling water tank [K]":"NaN273.15","ambient temperature outside [K]":"NaN273.15"}
{"timestamp":"2021-06-07T02:22:25.193Z","ambient temperature top chamber [K]":"NaN273.15","ambient temperature bottom chamber [K]":"NaN273.15"}
{"temperature cooling water tank [K]":"NaN273.15","timestamp":"2021-06-07T02:22:27.514Z","ambient temperature outside [K]":"NaN273.15","ambient temperature top chamber [K]":"NaN273.15"}
{"timestamp":"2021-06-07T02:22:30.619Z","ambient temperature bottom chamber [K]":"NaN273.15","temperature cooling water tank [K]":"NaN273.15"}
{"ambient temperature outside [K]":"NaN273.15","timestamp":"2021-06-07T02:22:32.939Z","ambient temperature top chamber [K]":"NaN273.15","ambient temperature bottom chamber [K]":"NaN273.15"}
{"timestamp":"2021-06-07T02:22:36.295Z","temperature cooling water tank [K]":"NaN273.15","ambient temperature outside [K]":"NaN273.15"}
{"ambient temperature top chamber [K]":"NaN273.15","timestamp":"2021-06-07T02:22:38.364Z","ambient temperature bottom chamber [K]":"NaN273.15","temperature cooling water tank [K]":"NaN273.15"}
{"timestamp":"2021-06-07T02:22:41.720Z","ambient temperature outside [K]":"NaN273.15","ambient temperature top chamber [K]":"NaN273.15"}
{"ambient temperature bottom chamber [K]":"NaN273.15","timestamp":"2021-06-07T02:22:43.789Z","temperature cooling water tank [K]":"NaN273.15","ambient temperature outside [K]":"NaN273.15"}
{"timestamp":"2021-06-07T02:22:47.144Z","ambient temperature top chamber [K]":"NaN273.15","ambient temperature bottom chamber [K]":"NaN273.15"}
{"temperature cooling water tank [K]":"NaN273.15","timestamp":"2021-06-07T02:22:49.465Z","ambient temperature outside [K]":"NaN273.15","ambient temperature top chamber [K]":"NaN273.15"}
{"timestamp":"2021-06-07T02:22:52.569Z","ambient temperature bottom chamber [K]":"NaN273.15","temperature cooling water tank [K]":"NaN273.15"}
{"ambient temperature outside [K]":"NaN273.15","timestamp":"2021-06-07T02:22:54.890Z","ambient temperature top chamber [K]":"NaN273.15","ambient temperature bottom chamber [K]":"NaN273.15"}
{"timestamp":"2021-06-07T02:22:58.245Z","temperature cooling water tank [K]":"NaN273.15","ambient temperature outside [K]":"NaN273.15"}
{"ambient temperature top chamber [K]":"NaN273.15","timestamp":"2021-06-07T02:23:00.315Z","ambient temperature bottom chamber [K]":"NaN273.15","temperature cooling water tank [K]":"NaN273.15"}
{"timestamp":"2021-06-07T02:23:03.670Z","ambient temperature outside [K]":"NaN273.15","ambient temperature top chamber [K]":"NaN273.15"}
{"ambient temperature bottom chamber [K]":"NaN273.15","timestamp":"2021-06-07T02:23:05.741Z","temperature cooling water tank [K]":"NaN273.15","ambient temperature outside [K]":"NaN273.15"}
{"timestamp":"2021-06-07T02:23:09.095Z","ambient temperature top chamber [K]":"NaN273.15","ambient temperature bottom chamber [K]":"NaN273.15"}
{"temperature cooling water tank [K]":"NaN273.15","timestamp":"2021-06-07T02:23:11.415Z","ambient temperature outside [K]":"NaN273.15","ambient temperature top chamber [K]":"NaN273.15"}
{"timestamp":"2021-06-07T02:23:14.520Z","ambient temperature bottom chamber [K]":"NaN273.15","temperature cooling water tank [K]":"NaN273.15"}
{"ambient temperature outside [K]":"NaN273.15","timestamp":"2021-06-07T02:23:16.840Z","ambient temperature top chamber [K]":"NaN273.15","ambient temperature bottom chamber [K]":"NaN273.15"}
{"timestamp":"2021-06-07T02:23:20.195Z","temperature cooling water tank [K]":"NaN273.15","ambient temperature outside [K]":"NaN273.15"}
{"ambient temperature top chamber [K]":"NaN273.15","timestamp":"2021-06-07T02:23:22.265Z","ambient temperature bottom chamber [K]":"NaN273.15","temperature cooling water tank [K]":"NaN273.15"}
{"timestamp":"2021-06-07T02:23:25.621Z","ambient temperature outside [K]":"NaN273.15","ambient temperature top chamber [K]":"NaN273.15"}
{"ambient temperature bottom chamber [K]":"NaN273.15","timestamp":"2021-06-07T02:23:27.690Z","temperature cooling water tank [K]":"NaN273.15","ambient temperature outside [K]":"NaN273.15"}
{"timestamp":"2021-06-07T02:23:31.046Z","ambient temperature top chamber [K]":"NaN273.15","ambient temperature bottom chamber [K]":"NaN273.15"}
{"temperature cooling water tank [K]":"NaN273.15","timestamp":"2021-06-07T02:23:33.366Z","ambient temperature outside [K]":"NaN273.15","ambient temperature top chamber [K]":"NaN273.15"}
{"timestamp":"2021-06-07T02:23:36.471Z","ambient temperature bottom chamber [K]":"NaN273.15","temperature cooling water tank [K]":"NaN273.15"}
{"ambient temperature outside [K]":"NaN273.15","timestamp":"2021-06-07T02:23:38.791Z","ambient temperature top chamber [K]":"NaN273.15","ambient temperature bottom chamber [K]":"NaN273.15"}
{"timestamp":"2021-06-07T02:23:42.147Z","temperature cooling water tank [K]":"NaN273.15","ambient temperature outside [K]":"NaN273.15"}
{"ambient temperature top chamber [K]":"NaN273.15","timestamp":"2021-06-07T02:23:44.216Z","ambient temperature bottom chamber [K]":"NaN273.15","temperature cooling water tank [K]":"NaN273.15"}
{"timestamp":"2021-06-07T02:23:47.571Z","ambient temperature outside [K]":"NaN273.15","ambient temperature top chamber [K]":"NaN273.15"}
{"ambient temperature bottom chamber [K]":"NaN273.15","timestamp":"2021-06-07T02:23:49.641Z","temperature cooling water tank [K]":"NaN273.15","ambient temperature outside [K]":"NaN273.15"}
{"timestamp":"2021-06-07T02:23:52.996Z","ambient temperature top chamber [K]":"NaN273.15","ambient temperature bottom chamber [K]":"NaN273.15"}
{"temperature cooling water tank [K]":"NaN273.15","timestamp":"2021-06-07T02:23:55.317Z","ambient temperature outside [K]":"NaN273.15","ambient temperature top chamber [K]":"NaN273.15"}
{"timestamp":"2021-06-07T02:23:58.422Z","ambient temperature bottom chamber [K]":"NaN273.15","temperature cooling water tank [K]":"NaN273.15"}
{"ambient temperature outside [K]":"NaN273.15","timestamp":"2021-06-07T02:24:00.742Z","ambient temperature top chamber [K]":"NaN273.15","ambient temperature bottom chamber [K]":"NaN273.15"}
{"timestamp":"2021-06-07T02:24:04.097Z","temperature cooling water tank [K]":"NaN273.15","ambient temperature outside [K]":"NaN273.15"}
{"ambient temperature top chamber [K]":"NaN273.15","timestamp":"2021-06-07T02:24:06.167Z","ambient temperature bottom chamber [K]":"NaN273.15","temperature cooling water tank [K]":"NaN273.15"}
{"timestamp":"2021-06-07T02:24:09.522Z","ambient temperature outside [K]":"NaN273.15","ambient temperature top chamber [K]":"NaN273.15"}
{"ambient temperature bottom chamber [K]":"NaN273.15","timestamp":"2021-06-07T02:24:11.592Z","temperature cooling water tank [K]":"NaN273.15","ambient temperature outside [K]":"NaN273.15"}
{"timestamp":"2021-06-07T02:24:14.947Z","ambient temperature top chamber [K]":"NaN273.15","ambient temperature bottom chamber [K]":"NaN273.15"}
{"temperature cooling water tank [K]":"NaN273.15","timestamp":"2021-06-07T02:24:17.267Z","ambient temperature outside [K]":"NaN273.15","ambient temperature top chamber [K]":"NaN273.15"}
{"timestamp":"2021-06-07T02:24:20.372Z","ambient temperature bottom chamber [K]":"NaN273.15","temperature cooling water tank [K]":"NaN273.15"}
{"ambient temperature outside [K]":"NaN273.15","timestamp":"2021-06-07T02:24:22.692Z","ambient temperature top chamber [K]":"NaN273.15","ambient temperature bottom chamber [K]":"NaN273.15"}
{"timestamp":"2021-06-07T02:24:26.051Z","temperature cooling water tank [K]":"NaN273.15","ambient temperature outside [K]":"NaN273.15"}
{"ambient temperature top chamber [K]":"NaN273.15","timestamp":"2021-06-07T02:24:28.118Z","ambient temperature bottom chamber [K]":"NaN273.15","temperature cooling water tank [K]":"NaN273.15"}
{"timestamp":"2021-06-07T02:24:31.473Z","ambient temperature outside [K]":"NaN273.15","ambient temperature top chamber [K]":"NaN273.15"}
{"ambient temperature bottom chamber [K]":"NaN273.15","timestamp":"2021-06-07T02:24:33.542Z","temperature cooling water tank [K]":"NaN273.15","ambient temperature outside [K]":"NaN273.15"}
{"timestamp":"2021-06-07T02:24:36.898Z","ambient temperature top chamber [K]":"NaN273.15","ambient temperature bottom chamber [K]":"NaN273.15"}
{"temperature cooling water tank [K]":"NaN273.15","timestamp":"2021-06-07T02:24:39.218Z","ambient temperature outside [K]":"NaN273.15","ambient temperature top chamber [K]":"NaN273.15"}
{"timestamp":"2021-06-07T02:24:42.323Z","ambient temperature bottom chamber [K]":"NaN273.15","temperature cooling water tank [K]":"NaN273.15"}
{"ambient temperature outside [K]":"NaN273.15","timestamp":"2021-06-07T02:24:44.643Z","ambient temperature top chamber [K]":"NaN273.15","ambient temperature bottom chamber [K]":"NaN273.15"}
{"timestamp":"2021-06-07T02:24:47.998Z","temperature cooling water tank [K]":"NaN273.15","ambient temperature outside [K]":"NaN273.15"}
{"ambient temperature top chamber [K]":"NaN273.15","timestamp":"2021-06-07T02:24:50.068Z","ambient temperature bottom chamber [K]":"NaN273.15","temperature cooling water tank [K]":"NaN273.15"}
{"timestamp":"2021-06-07T02:24:53.423Z","ambient temperature outside [K]":"NaN273.15","ambient temperature top chamber [K]":"NaN273.15"}
{"ambient temperature bottom chamber [K]":"NaN273.15","timestamp":"2021-06-07T02:24:55.493Z","temperature cooling water tank [K]":"NaN273.15","ambient temperature outside [K]":"NaN273.15"}
{"timestamp":"2021-06-07T02:24:58.848Z","ambient temperature top chamber [K]":"NaN273.15","ambient temperature bottom chamber [K]":"NaN273.15"}
{"temperature cooling water tank [K]":"NaN273.15","timestamp":"2021-06-07T02:25:01.169Z","ambient temperature outside [K]":"NaN273.15","ambient temperature top chamber [K]":"NaN273.15"}
{"timestamp":"2021-06-07T02:25:04.273Z","ambient temperature bottom chamber [K]":"NaN273.15","temperature cooling water tank [K]":"NaN273.15"}
{"ambient temperature outside [K]":"NaN273.15","timestamp":"2021-06-07T02:25:06.594Z","ambient temperature top chamber [K]":"NaN273.15","ambient temperature bottom chamber [K]":"NaN273.15"}
{"timestamp":"2021-06-07T02:25:09.949Z","temperature cooling water tank [K]":"NaN273.15","ambient temperature outside [K]":"NaN273.15"}
{"ambient temperature top chamber [K]":"NaN273.15","timestamp":"2021-06-07T02:25:12.019Z","ambient temperature bottom chamber [K]":"NaN273.15","temperature cooling water tank [K]":"NaN273.15"}
{"timestamp":"2021-06-07T02:25:15.374Z","ambient temperature outside [K]":"NaN273.15","ambient temperature top chamber [K]":"NaN273.15"}
{"ambient temperature bottom chamber [K]":"NaN273.15","timestamp":"2021-06-07T02:25:17.444Z","temperature cooling water tank [K]":"NaN273.15","ambient temperature outside [K]":"NaN273.15"}
{"timestamp":"2021-06-07T02:25:20.799Z","ambient temperature top chamber [K]":"NaN273.15","ambient temperature bottom chamber [K]":"NaN273.15"}
{"temperature cooling water tank [K]":"NaN273.15","timestamp":"2021-06-07T02:25:23.119Z","ambient temperature outside [K]":"NaN273.15","ambient temperature top chamber [K]":"NaN273.15"}
{"timestamp":"2021-06-07T02:25:26.224Z","ambient temperature bottom chamber [K]":"NaN273.15","temperature cooling water tank [K]":"NaN273.15"}
{"ambient temperature outside [K]":"NaN273.15","timestamp":"2021-06-07T02:25:28.545Z","ambient temperature top chamber [K]":"NaN273.15","ambient temperature bottom chamber [K]":"NaN273.15"}
{"timestamp":"2021-06-07T02:25:31.900Z","temperature cooling water tank [K]":"NaN273.15","ambient temperature outside [K]":"NaN273.15"}
{"ambient temperature top chamber [K]":"NaN273.15","timestamp":"2021-06-07T02:25:33.970Z","ambient temperature bottom chamber [K]":"NaN273.15","temperature cooling water tank [K]":"NaN273.15"}
{"timestamp":"2021-06-07T02:25:37.325Z","ambient temperature outside [K]":"NaN273.15","ambient temperature top chamber [K]":"NaN273.15"}
{"ambient temperature bottom chamber [K]":"NaN273.15","timestamp":"2021-06-07T02:25:39.395Z","temperature cooling water tank [K]":"NaN273.15","ambient temperature outside [K]":"NaN273.15"}
{"timestamp":"2021-06-07T02:25:42.750Z","ambient temperature top chamber [K]":"NaN273.15","ambient temperature bottom chamber [K]":"NaN273.15"}
{"temperature cooling water tank [K]":"NaN273.15","timestamp":"2021-06-07T02:25:45.070Z","ambient temperature outside [K]":"NaN273.15","ambient temperature top chamber [K]":"NaN273.15"}
{"timestamp":"2021-06-07T02:25:48.181Z","ambient temperature bottom chamber [K]":"NaN273.15","temperature cooling water tank [K]":"NaN273.15"}
{"ambient temperature outside [K]":"NaN273.15","timestamp":"2021-06-07T02:25:50.495Z","ambient temperature top chamber [K]":"NaN273.15","ambient temperature bottom chamber [K]":"NaN273.15"}
{"timestamp":"2021-06-07T02:25:53.850Z","temperature cooling water tank [K]":"NaN273.15","ambient temperature outside [K]":"NaN273.15"}
{"ambient temperature top chamber [K]":"NaN273.15","timestamp":"2021-06-07T02:25:55.920Z","ambient temperature bottom chamber [K]":"NaN273.15","temperature cooling water tank [K]":"NaN273.15"}
{"timestamp":"2021-06-07T02:25:59.275Z","ambient temperature outside [K]":"NaN273.15","ambient temperature top chamber [K]":"NaN273.15"}
{"ambient temperature bottom chamber [K]":"NaN273.15","timestamp":"2021-06-07T02:26:01.345Z","temperature cooling water tank [K]":"NaN273.15","ambient temperature outside [K]":"NaN273.15"}
{"timestamp":"2021-06-07T02:26:04.700Z","ambient temperature top chamber [K]":"NaN273.15","ambient temperature bottom chamber [K]":"NaN273.15"}
{"temperature cooling water tank [K]":"NaN273.15","timestamp":"2021-06-07T02:26:07.021Z","ambient temperature outside [K]":"NaN273.15","ambient temperature top chamber [K]":"NaN273.15"}
{"timestamp":"2021-06-07T02:26:10.125Z","ambient temperature bottom chamber [K]":"NaN273.15","temperature cooling water tank [K]":"NaN273.15"}
{"ambient temperature outside [K]":"NaN273.15","timestamp":"2021-06-07T02:26:12.445Z","ambient temperature top chamber [K]":"NaN273.15","ambient temperature bottom chamber [K]":"NaN273.15"}
{"timestamp":"2021-06-07T02:26:15.800Z","temperature cooling water tank [K]":"NaN273.15","ambient temperature outside [K]":"NaN273.15"}
{"ambient temperature top chamber [K]":"NaN273.15","timestamp":"2021-06-07T02:26:17.870Z","ambient temperature bottom chamber [K]":"NaN273.15","temperature cooling water tank [K]":"NaN273.15"}
{"timestamp":"2021-06-07T02:26:21.225Z","ambient temperature outside [K]":"NaN273.15","ambient temperature top chamber [K]":"NaN273.15"}
{"ambient temperature bottom chamber [K]":"NaN273.15","timestamp":"2021-06-07T02:26:23.294Z","temperature cooling water tank [K]":"NaN273.15","ambient temperature outside [K]":"NaN273.15"}
{"timestamp":"2021-06-07T02:26:26.649Z","ambient temperature top chamber [K]":"NaN273.15","ambient temperature bottom chamber [K]":"NaN273.15"}
{"temperature cooling water tank [K]":"NaN273.15","timestamp":"2021-06-07T02:26:28.969Z","ambient temperature outside [K]":"NaN273.15","ambient temperature top chamber [K]":"NaN273.15"}
{"timestamp":"2021-06-07T02:26:32.074Z","ambient temperature bottom chamber [K]":"NaN273.15","temperature cooling water tank [K]":"NaN273.15"}
{"ambient temperature outside [K]":"NaN273.15","timestamp":"2021-06-07T02:26:34.393Z","ambient temperature top chamber [K]":"NaN273.15","ambient temperature bottom chamber [K]":"NaN273.15"}
{"timestamp":"2021-06-07T02:26:37.748Z","temperature cooling water tank [K]":"NaN273.15","ambient temperature outside [K]":"NaN273.15"}
{"ambient temperature top chamber [K]":"NaN273.15","timestamp":"2021-06-07T02:26:39.818Z","ambient temperature bottom chamber [K]":"NaN273.15","temperature cooling water tank [K]":"NaN273.15"}
{"timestamp":"2021-06-07T02:26:43.173Z","ambient temperature outside [K]":"NaN273.15","ambient temperature top chamber [K]":"NaN273.15"}
{"ambient temperature bottom chamber [K]":"NaN273.15","timestamp":"2021-06-07T02:26:45.242Z","temperature cooling water tank [K]":"NaN273.15","ambient temperature outside [K]":"NaN273.15"}
{"timestamp":"2021-06-07T02:26:48.598Z","ambient temperature top chamber [K]":"NaN273.15","ambient temperature bottom chamber [K]":"NaN273.15"}
{"temperature cooling water tank [K]":"NaN273.15","timestamp":"2021-06-07T02:26:50.918Z","ambient temperature outside [K]":"NaN273.15","ambient temperature top chamber [K]":"NaN273.15"}
{"timestamp":"2021-06-07T02:26:54.022Z","ambient temperature bottom chamber [K]":"NaN273.15","temperature cooling water tank [K]":"NaN273.15"}
{"ambient temperature outside [K]":"NaN273.15","timestamp":"2021-06-07T02:26:56.342Z","ambient temperature top chamber [K]":"NaN273.15","ambient temperature bottom chamber [K]":"NaN273.15"}
{"ambient temperature top chamber [K]":"NaN","ambient temperature outside [K]":"NaN","ambient temperature bottom chamber [K]":"NaN","temperature cooling water tank [K]":"NaN"}
{"ambient temperature outside [K]":"NaN","ambient temperature bottom chamber [K]":"NaN","temperature cooling water tank [K]":"NaN","ambient temperature top chamber [K]":"NaN"}
{"ambient temperature bottom chamber [K]":"NaN","temperature cooling water tank [K]":"NaN","ambient temperature top chamber [K]":"NaN","ambient temperature outside [K]":"NaN"}
{"temperature cooling water tank [K]":"NaN","ambient temperature top chamber [K]":"NaN","ambient temperature outside [K]":"NaN","ambient temperature bottom chamber [K]":"NaN"}
{"ambient temperature top chamber [K]":"NaN","ambient temperature outside [K]":"NaN","ambient temperature bottom chamber [K]":"NaN","temperature cooling water tank [K]":"NaN"}
{"ambient temperature outside [K]":"NaN","ambient temperature bottom chamber [K]":"NaN","temperature cooling water tank [K]":"NaN","timestamp":"2021-06-07T02:27:53.375Z"}
{"timestamp":"2021-06-07T02:27:55.494Z","ambient temperature bottom chamber [K]":"NaN","temperature cooling water tank [K]":"NaN"}
{"timestamp":"2021-06-07T02:27:58.849Z","ambient temperature outside [K]":"NaN","ambient temperature top chamber [K]":"NaN"}
{"ambient temperature bottom chamber [K]":"NaN","timestamp":"2021-06-07T02:28:00.919Z","temperature cooling water tank [K]":"NaN","ambient temperature outside [K]":"NaN"}
{"timestamp":"2021-06-07T02:28:04.274Z","ambient temperature top chamber [K]":"NaN","ambient temperature bottom chamber [K]":"NaN"}
{"temperature cooling water tank [K]":"NaN","timestamp":"2021-06-07T02:28:06.594Z","ambient temperature outside [K]":"NaN","ambient temperature top chamber [K]":"NaN"}
{"timestamp":"2021-06-07T02:28:09.699Z","ambient temperature bottom chamber [K]":"NaN","temperature cooling water tank [K]":"NaN"}
{"ambient temperature outside [K]":"NaN","timestamp":"2021-06-07T02:28:12.020Z","ambient temperature top chamber [K]":"NaN","ambient temperature bottom chamber [K]":"NaN"}
{"timestamp":"2021-06-07T02:28:15.374Z","temperature cooling water tank [K]":"NaN","ambient temperature outside [K]":"NaN"}
{"ambient temperature top chamber [K]":"NaN","timestamp":"2021-06-07T02:28:17.444Z","ambient temperature bottom chamber [K]":"NaN","temperature cooling water tank [K]":"NaN"}
{"timestamp":"2021-06-07T02:28:20.799Z","ambient temperature outside [K]":"NaN","ambient temperature top chamber [K]":"NaN"}
{"ambient temperature bottom chamber [K]":"NaN","timestamp":"2021-06-07T02:28:22.869Z","temperature cooling water tank [K]":"NaN","ambient temperature outside [K]":"NaN"}
{"timestamp":"2021-06-07T02:28:26.226Z","ambient temperature top chamber [K]":"NaN","ambient temperature bottom chamber [K]":"NaN"}
{"temperature cooling water tank [K]":"NaN","timestamp":"2021-06-07T02:28:28.544Z","ambient temperature outside [K]":"NaN","ambient temperature top chamber [K]":"NaN"}
{"timestamp":"2021-06-07T02:28:31.649Z","ambient temperature bottom chamber [K]":"NaN","temperature cooling water tank [K]":"NaN"}
{"ambient temperature outside [K]":"NaN","timestamp":"2021-06-07T02:28:33.969Z","ambient temperature top chamber [K]":"NaN","ambient temperature bottom chamber [K]":"NaN"}
{"timestamp":"2021-06-07T02:28:37.324Z","temperature cooling water tank [K]":"NaN","ambient temperature outside [K]":"NaN"}
{"ambient temperature top chamber [K]":"NaN","timestamp":"2021-06-07T02:28:39.393Z","ambient temperature bottom chamber [K]":"NaN","temperature cooling water tank [K]":"NaN"}
{"timestamp":"2021-06-07T02:28:42.748Z","ambient temperature outside [K]":"NaN","ambient temperature top chamber [K]":"NaN"}
{"ambient temperature bottom chamber [K]":"NaN","timestamp":"2021-06-07T02:28:44.818Z","temperature cooling water tank [K]":"NaN","ambient temperature outside [K]":"NaN"}
{"timestamp":"2021-06-07T02:28:48.173Z","ambient temperature top chamber [K]":"NaN","ambient temperature bottom chamber [K]":"NaN"}
{"temperature cooling water tank [K]":"NaN","timestamp":"2021-06-07T02:28:50.493Z","ambient temperature outside [K]":"NaN","ambient temperature top chamber [K]":"NaN"}
{"timestamp":"2021-06-07T02:28:53.598Z","ambient temperature bottom chamber [K]":"NaN","temperature cooling water tank [K]":"NaN"}
{"ambient temperature outside [K]":"NaN","timestamp":"2021-06-07T02:28:55.918Z","ambient temperature top chamber [K]":"NaN","ambient temperature bottom chamber [K]":"NaN"}
{"timestamp":"2021-06-07T02:28:59.273Z","temperature cooling water tank [K]":"NaN","ambient temperature outside [K]":"NaN"}
{"ambient temperature top chamber [K]":"NaN","timestamp":"2021-06-07T02:29:01.343Z","ambient temperature bottom chamber [K]":"NaN","temperature cooling water tank [K]":"NaN"}
{"timestamp":"2021-06-07T02:29:04.698Z","ambient temperature outside [K]":"NaN","ambient temperature top chamber [K]":"NaN"}
{"ambient temperature bottom chamber [K]":"NaN","timestamp":"2021-06-07T02:29:06.768Z","temperature cooling water tank [K]":"NaN","ambient temperature outside [K]":"NaN"}
{"timestamp":"2021-06-07T02:29:10.123Z","ambient temperature top chamber [K]":"NaN","ambient temperature bottom chamber [K]":"NaN"}
{"temperature cooling water tank [K]":"NaN","timestamp":"2021-06-07T02:29:12.443Z","ambient temperature outside [K]":"NaN","ambient temperature top chamber [K]":"NaN"}
{"timestamp":"2021-06-07T02:29:15.548Z","ambient temperature bottom chamber [K]":"NaN","temperature cooling water tank [K]":"NaN"}
{"ambient temperature outside [K]":"NaN","timestamp":"2021-06-07T02:29:17.868Z","ambient temperature top chamber [K]":"NaN","ambient temperature bottom chamber [K]":"NaN"}
{"timestamp":"2021-06-07T02:29:21.223Z","temperature cooling water tank [K]":"NaN","ambient temperature outside [K]":"NaN"}
{"ambient temperature top chamber [K]":"NaN","timestamp":"2021-06-07T02:29:23.293Z","ambient temperature bottom chamber [K]":"NaN","temperature cooling water tank [K]":"NaN"}
{"timestamp":"2021-06-07T02:29:26.648Z","ambient temperature outside [K]":"NaN","ambient temperature top chamber [K]":"NaN"}
{"ambient temperature bottom chamber [K]":"NaN","timestamp":"2021-06-07T02:29:28.718Z","temperature cooling water tank [K]":"NaN","ambient temperature outside [K]":"NaN"}
{"timestamp":"2021-06-07T02:29:32.073Z","ambient temperature top chamber [K]":"NaN","ambient temperature bottom chamber [K]":"NaN"}
{"temperature cooling water tank [K]":"NaN","timestamp":"2021-06-07T02:29:34.393Z","ambient temperature outside [K]":"NaN","ambient temperature top chamber [K]":"NaN"}
{"timestamp":"2021-06-07T02:29:37.501Z","ambient temperature bottom chamber [K]":"NaN","temperature cooling water tank [K]":"NaN"}
{"ambient temperature outside [K]":"NaN","timestamp":"2021-06-07T02:29:39.818Z","ambient temperature top chamber [K]":"NaN","ambient temperature bottom chamber [K]":"NaN"}
{"timestamp":"2021-06-07T02:29:43.178Z","temperature cooling water tank [K]":"NaN","ambient temperature outside [K]":"NaN"}
{"ambient temperature top chamber [K]":"NaN","timestamp":"2021-06-07T02:29:45.243Z","ambient temperature bottom chamber [K]":"NaN","temperature cooling water tank [K]":"NaN"}
{"timestamp":"2021-06-07T02:29:48.598Z","ambient temperature outside [K]":"NaN","ambient temperature top chamber [K]":"NaN"}
{"ambient temperature bottom chamber [K]":"NaN","timestamp":"2021-06-07T02:29:50.668Z","temperature cooling water tank [K]":"NaN","ambient temperature outside [K]":"NaN"}
{"timestamp":"2021-06-07T02:29:54.023Z","ambient temperature top chamber [K]":"NaN","ambient temperature bottom chamber [K]":"NaN"}
{"temperature cooling water tank [K]":"NaN","timestamp":"2021-06-07T02:29:56.343Z","ambient temperature outside [K]":"NaN","ambient temperature top chamber [K]":"NaN"}
{"ambient temperature top chamber [K]":"NaN","ambient temperature outside [K]":"NaN","ambient temperature bottom chamber [K]":"NaN","temperature cooling water tank [K]":"NaN"}
{"ambient temperature outside [K]":"NaN","ambient temperature bottom chamber [K]":"NaN","temperature cooling water tank [K]":"NaN","ambient temperature top chamber [K]":"NaN"}
{"ambient temperature bottom chamber [K]":"NaN","temperature cooling water tank [K]":"NaN","ambient temperature top chamber [K]":"NaN","ambient temperature outside [K]":"NaN"}
{"temperature cooling water tank [K]":"NaN","ambient temperature top chamber [K]":"NaN","ambient temperature outside [K]":"NaN","ambient temperature bottom chamber [K]":"NaN"}
{"timestamp":"2021-06-07T02:30:02.140Z","ambient temperature top chamber [K]":"NaN","ambient temperature bottom chamber [K]":"NaN"}
{"temperature cooling water tank [K]":"NaN","timestamp":"2021-06-07T02:30:04.460Z","ambient temperature outside [K]":"NaN","ambient temperature top chamber [K]":"NaN"}
{"timestamp":"2021-06-07T02:30:07.565Z","ambient temperature bottom chamber [K]":"NaN","temperature cooling water tank [K]":"NaN"}
{"ambient temperature outside [K]":"NaN","timestamp":"2021-06-07T02:30:09.885Z","ambient temperature top chamber [K]":"NaN","ambient temperature bottom chamber [K]":"NaN"}
{"timestamp":"2021-06-07T02:30:13.241Z","temperature cooling water tank [K]":"NaN","ambient temperature outside [K]":"NaN"}
{"ambient temperature top chamber [K]":"NaN","timestamp":"2021-06-07T02:30:15.310Z","ambient temperature bottom chamber [K]":"NaN","temperature cooling water tank [K]":"NaN"}
{"timestamp":"2021-06-07T02:30:18.665Z","ambient temperature outside [K]":"NaN","ambient temperature top chamber [K]":"NaN"}
{"ambient temperature bottom chamber [K]":"NaN","timestamp":"2021-06-07T02:30:20.735Z","temperature cooling water tank [K]":"NaN","ambient temperature outside [K]":"NaN"}
{"timestamp":"2021-06-07T02:30:24.094Z","ambient temperature top chamber [K]":"NaN","ambient temperature bottom chamber [K]":"NaN"}
{"temperature cooling water tank [K]":"NaN","timestamp":"2021-06-07T02:30:26.416Z","ambient temperature outside [K]":"NaN","ambient temperature top chamber [K]":"NaN"}
{"ambient temperature top chamber [K]":"NaN","ambient temperature outside [K]":"NaN","ambient temperature bottom chamber [K]":"NaN","temperature cooling water tank [K]":"NaN"}
{"ambient temperature outside [K]":"NaN","ambient temperature bottom chamber [K]":"NaN","temperature cooling water tank [K]":"NaN","ambient temperature top chamber [K]":"NaN"}
{"ambient temperature bottom chamber [K]":"NaN","temperature cooling water tank [K]":"NaN","ambient temperature top chamber [K]":"NaN","ambient temperature outside [K]":"NaN"}
{"temperature cooling water tank [K]":"NaN","ambient temperature top chamber [K]":"NaN","ambient temperature outside [K]":"NaN","ambient temperature bottom chamber [K]":"NaN"}
{"timestamp":"2021-06-07T02:30:32.649Z","ambient temperature top chamber [K]":"NaN","ambient temperature bottom chamber [K]":"NaN"}
{"temperature cooling water tank [K]":"NaN","timestamp":"2021-06-07T02:30:34.969Z","ambient temperature outside [K]":"NaN","ambient temperature top chamber [K]":"NaN"}
{"timestamp":"2021-06-07T02:30:38.075Z","ambient temperature bottom chamber [K]":"NaN","temperature cooling water tank [K]":"NaN"}
{"ambient temperature outside [K]":"NaN","timestamp":"2021-06-07T02:30:40.395Z","ambient temperature top chamber [K]":"NaN","ambient temperature bottom chamber [K]":"NaN"}
{"timestamp":"2021-06-07T02:30:45.345Z","temperature cooling water tank [K]":"NaN","ambient temperature outside [K]":"NaN"}
{"timestamp":"2021-06-07T02:30:47.328Z","ambient temperature top chamber [K]":"NaN","ambient temperature bottom chamber [K]":"NaN","temperature cooling water tank [K]":"NaN"}
{"timestamp":"2021-06-07T02:30:51.020Z","ambient temperature outside [K]":"NaN","ambient temperature top chamber [K]":"NaN"}
{"timestamp":"2021-06-07T02:30:53.773Z","ambient temperature bottom chamber [K]":"NaN","temperature cooling water tank [K]":"NaN"}
{"ambient temperature outside [K]":"NaN","ambient temperature top chamber [K]":"NaN","timestamp":"2021-06-07T02:30:55.898Z","ambient temperature bottom chamber [K]":"NaN"}
{"temperature cooling water tank [K]":"NaN","timestamp":"2021-06-07T02:30:57.967Z","ambient temperature outside [K]":"NaN","ambient temperature top chamber [K]":"NaN"}
{"timestamp":"2021-06-07T02:31:02.622Z","ambient temperature bottom chamber [K]":"NaN","temperature cooling water tank [K]":"NaN"}
{"timestamp":"2021-06-07T02:31:05.146Z","ambient temperature outside [K]":"NaN","ambient temperature top chamber [K]":"NaN"}
{"timestamp":"2021-06-07T02:31:07.267Z","ambient temperature bottom chamber [K]":"NaN","temperature cooling water tank [K]":"NaN","ambient temperature outside [K]":"NaN"}
{"timestamp":"2021-06-07T02:31:09.788Z","ambient temperature top chamber [K]":"NaN","ambient temperature bottom chamber [K]":"NaN"}
{"temperature cooling water tank [K]":"NaN","ambient temperature outside [K]":"NaN","timestamp":"2021-06-07T02:31:13.663Z","ambient temperature top chamber [K]":"NaN"}
{"timestamp":"2021-06-07T02:31:15.818Z","ambient temperature bottom chamber [K]":"NaN","temperature cooling water tank [K]":"NaN"}
{"ambient temperature outside [K]":"NaN","ambient temperature top chamber [K]":"NaN","timestamp":"2021-06-07T02:31:18.179Z","ambient temperature bottom chamber [K]":"NaN"}
{"timestamp":"2021-06-07T02:31:21.236Z","temperature cooling water tank [K]":"NaN","ambient temperature outside [K]":"NaN"}
{"ambient temperature top chamber [K]":"NaN","ambient temperature bottom chamber [K]":"NaN","timestamp":"2021-06-07T02:31:23.525Z","temperature cooling water tank [K]":"NaN"}
{"ambient temperature outside [K]":"NaN","timestamp":"2021-06-07T02:31:25.831Z","ambient temperature top chamber [K]":"NaN","ambient temperature bottom chamber [K]":"NaN"}
{"timestamp":"2021-06-07T02:31:27.940Z","temperature cooling water tank [K]":"NaN","ambient temperature outside [K]":"NaN"}
{"ambient temperature top chamber [K]":"NaN","timestamp":"2021-06-07T02:31:29.719Z","ambient temperature bottom chamber [K]":"NaN","temperature cooling water tank [K]":"NaN"}
{"timestamp":"2021-06-07T02:31:34.828Z","ambient temperature top chamber [K]":"296.15","ambient temperature bottom chamber [K]":"293.15"}
{"temperature cooling water tank [K]":"296.15","timestamp":"2021-06-07T02:31:37.148Z","ambient temperature outside [K]":"295.15","ambient temperature top chamber [K]":"296.15"}
{"timestamp":"2021-06-07T02:31:40.257Z","ambient temperature bottom chamber [K]":"293.15","temperature cooling water tank [K]":"296.15"}
{"ambient temperature outside [K]":"295.15","timestamp":"2021-06-07T02:31:42.573Z","ambient temperature top chamber [K]":"296.15","ambient temperature bottom chamber [K]":"293.15"}
{"timestamp":"2021-06-07T02:31:45.928Z","temperature cooling water tank [K]":"296.15","ambient temperature outside [K]":"295.15"}
{"ambient temperature top chamber [K]":"296.15","timestamp":"2021-06-07T02:31:47.998Z","ambient temperature bottom chamber [K]":"293.15","temperature cooling water tank [K]":"296.15"}
{"timestamp":"2021-06-07T02:31:51.353Z","ambient temperature outside [K]":"295.15","ambient temperature top chamber [K]":"296.15"}
{"ambient temperature bottom chamber [K]":"293.15","timestamp":"2021-06-07T02:31:53.423Z","temperature cooling water tank [K]":"296.15","ambient temperature outside [K]":"295.15"}
{"timestamp":"2021-06-07T02:31:56.778Z","ambient temperature top chamber [K]":"296.15","ambient temperature bottom chamber [K]":"293.15"}
{"temperature cooling water tank [K]":"296.15","timestamp":"2021-06-07T02:31:59.098Z","ambient temperature outside [K]":"295.15","ambient temperature top chamber [K]":"296.15"}
{"timestamp":"2021-06-07T02:32:02.203Z","ambient temperature bottom chamber [K]":"293.15","temperature cooling water tank [K]":"296.15"}
{"ambient temperature outside [K]":"295.15","timestamp":"2021-06-07T02:32:04.523Z","ambient temperature top chamber [K]":"296.15","ambient temperature bottom chamber [K]":"293.15"}
{"timestamp":"2021-06-07T02:32:10.273Z","ambient temperature top chamber [K]":"296.15","ambient temperature bottom chamber [K]":"293.15"}
{"temperature cooling water tank [K]":"296.15","timestamp":"2021-06-07T02:32:12.593Z","ambient temperature outside [K]":"295.15","ambient temperature top chamber [K]":"296.15"}
{"timestamp":"2021-06-07T02:32:15.698Z","ambient temperature bottom chamber [K]":"293.15","temperature cooling water tank [K]":"296.15"}
{"ambient temperature outside [K]":"295.15","timestamp":"2021-06-07T02:32:18.023Z","ambient temperature top chamber [K]":"296.15","ambient temperature bottom chamber [K]":"293.15"}
{"timestamp":"2021-06-07T02:32:21.373Z","temperature cooling water tank [K]":"296.15","ambient temperature outside [K]":"295.15"}
{"ambient temperature top chamber [K]":"296.15","timestamp":"2021-06-07T02:32:23.443Z","ambient temperature bottom chamber [K]":"293.15","temperature cooling water tank [K]":"296.15"}
{"timestamp":"2021-06-07T02:32:26.798Z","ambient temperature outside [K]":"295.15","ambient temperature top chamber [K]":"296.15"}
{"ambient temperature bottom chamber [K]":"293.15","timestamp":"2021-06-07T02:32:28.868Z","temperature cooling water tank [K]":"296.15","ambient temperature outside [K]":"295.15"}
{"timestamp":"2021-06-07T02:32:32.223Z","ambient temperature top chamber [K]":"296.15","ambient temperature bottom chamber [K]":"293.15"}
{"temperature cooling water tank [K]":"296.15","timestamp":"2021-06-07T02:32:34.556Z","ambient temperature outside [K]":"295.15","ambient temperature top chamber [K]":"296.15"}
{"timestamp":"2021-06-07T02:32:37.648Z","ambient temperature bottom chamber [K]":"293.15","temperature cooling water tank [K]":"296.15"}
{"ambient temperature outside [K]":"295.15","timestamp":"2021-06-07T02:32:39.969Z","ambient temperature top chamber [K]":"296.15","ambient temperature bottom chamber [K]":"293.15"}
{"timestamp":"2021-06-07T02:32:43.324Z","temperature cooling water tank [K]":"296.15","ambient temperature outside [K]":"295.15"}
{"ambient temperature top chamber [K]":"296.15","timestamp":"2021-06-07T02:32:45.393Z","ambient temperature bottom chamber [K]":"293.15","temperature cooling water tank [K]":"296.15"}
{"timestamp":"2021-06-07T02:32:48.749Z","ambient temperature outside [K]":"295.15","ambient temperature top chamber [K]":"296.15"}
{"ambient temperature bottom chamber [K]":"293.15","timestamp":"2021-06-07T02:32:50.819Z","temperature cooling water tank [K]":"296.15","ambient temperature outside [K]":"295.15"}
{"timestamp":"2021-06-07T02:32:54.174Z","ambient temperature top chamber [K]":"296.15","ambient temperature bottom chamber [K]":"293.15"}
{"temperature cooling water tank [K]":"296.15","timestamp":"2021-06-07T02:32:56.494Z","ambient temperature outside [K]":"295.15","ambient temperature top chamber [K]":"296.15"}
{"timestamp":"2021-06-07T02:32:59.598Z","ambient temperature bottom chamber [K]":"293.15","temperature cooling water tank [K]":"296.15"}
{"ambient temperature outside [K]":"295.15","timestamp":"2021-06-07T02:33:01.919Z","ambient temperature top chamber [K]":"296.15","ambient temperature bottom chamber [K]":"293.15"}
{"timestamp":"2021-06-07T02:33:05.274Z","temperature cooling water tank [K]":"296.15","ambient temperature outside [K]":"295.15"}
{"ambient temperature top chamber [K]":"296.15","timestamp":"2021-06-07T02:33:07.344Z","ambient temperature bottom chamber [K]":"293.15","temperature cooling water tank [K]":"296.15"}
{"timestamp":"2021-06-07T02:33:10.699Z","ambient temperature outside [K]":"295.15","ambient temperature top chamber [K]":"296.15"}
{"ambient temperature bottom chamber [K]":"293.15","timestamp":"2021-06-07T02:33:12.769Z","temperature cooling water tank [K]":"296.15","ambient temperature outside [K]":"295.15"}
{"timestamp":"2021-06-07T02:33:16.124Z","ambient temperature top chamber [K]":"296.15","ambient temperature bottom chamber [K]":"293.15"}
{"temperature cooling water tank [K]":"296.15","timestamp":"2021-06-07T02:33:18.444Z","ambient temperature outside [K]":"295.15","ambient temperature top chamber [K]":"296.15"}
{"timestamp":"2021-06-07T02:33:23.925Z","ambient temperature top chamber [K]":"296.15","ambient temperature bottom chamber [K]":"293.15","temperature cooling water tank [K]":"296.15"}
{"timestamp":"2021-06-07T02:33:27.280Z","ambient temperature outside [K]":"295.15","ambient temperature top chamber [K]":"296.15","ambient temperature bottom chamber [K]":"293.15"}
{"timestamp":"2021-06-07T02:33:30.635Z","temperature cooling water tank [K]":"296.15","ambient temperature outside [K]":"295.15","ambient temperature top chamber [K]":"296.15"}
{"timestamp":"2021-06-07T02:33:33.739Z","ambient temperature bottom chamber [K]":"293.15","temperature cooling water tank [K]":"296.15","ambient temperature outside [K]":"295.15"}
{"timestamp":"2021-06-07T02:33:37.095Z","ambient temperature top chamber [K]":"296.15","ambient temperature bottom chamber [K]":"293.15","temperature cooling water tank [K]":"296.15"}
{"timestamp":"2021-06-07T02:33:41.514Z","ambient temperature outside [K]":"295.15","ambient temperature top chamber [K]":"296.15","ambient temperature bottom chamber [K]":"293.15"}
{"timestamp":"2021-06-07T02:33:45.487Z","temperature cooling water tank [K]":"296.15","ambient temperature outside [K]":"295.15","ambient temperature top chamber [K]":"296.15"}
{"timestamp":"2021-06-07T02:33:48.913Z","ambient temperature bottom chamber [K]":"293.15","temperature cooling water tank [K]":"296.15","ambient temperature outside [K]":"295.15"}
{"timestamp":"2021-06-07T02:33:51.741Z","ambient temperature top chamber [K]":"296.15","ambient temperature bottom chamber [K]":"293.15","temperature cooling water tank [K]":"296.15"}
{"timestamp":"2021-06-07T02:33:55.433Z","ambient temperature outside [K]":"295.15","ambient temperature top chamber [K]":"296.15","ambient temperature bottom chamber [K]":"293.15"}
{"timestamp":"2021-06-07T02:33:58.834Z","temperature cooling water tank [K]":"296.15","ambient temperature outside [K]":"295.15","ambient temperature top chamber [K]":"296.15"}
{"timestamp":"2021-06-07T02:34:01.509Z","ambient temperature bottom chamber [K]":"293.15","temperature cooling water tank [K]":"296.15","ambient temperature outside [K]":"295.15"}
{"timestamp":"2021-06-07T02:34:05.037Z","ambient temperature top chamber [K]":"296.15","ambient temperature bottom chamber [K]":"293.15","temperature cooling water tank [K]":"296.15"}
{"timestamp":"2021-06-07T02:35:09.716Z","ambient temperature top chamber [K]":"296.15","ambient temperature bottom chamber [K]":"293.15","temperature cooling water tank [K]":"296.15"}
{"timestamp":"2021-06-07T02:35:12.807Z","ambient temperature outside [K]":"295.15","ambient temperature top chamber [K]":"296.15","ambient temperature bottom chamber [K]":"293.15"}
{"timestamp":"2021-06-07T02:35:16.441Z","temperature cooling water tank [K]":"296.15","ambient temperature outside [K]":"295.15","ambient temperature top chamber [K]":"296.15"}
{"timestamp":"2021-06-07T02:35:19.179Z","ambient temperature bottom chamber [K]":"293.15","temperature cooling water tank [K]":"296.15","ambient temperature outside [K]":"295.15"}
{"timestamp":"2021-06-07T02:35:22.992Z","ambient temperature top chamber [K]":"296.15","ambient temperature bottom chamber [K]":"293.15","temperature cooling water tank [K]":"296.15"}
{"timestamp":"2021-06-07T02:35:26.232Z","ambient temperature outside [K]":"295.15","ambient temperature top chamber [K]":"296.15","ambient temperature bottom chamber [K]":"293.15"}
{"timestamp":"2021-06-07T02:35:29.765Z","temperature cooling water tank [K]":"296.15","ambient temperature outside [K]":"295.15","ambient temperature top chamber [K]":"296.15"}
{"timestamp":"2021-06-07T02:35:31.614Z","ambient temperature bottom chamber [K]":"293.15","temperature cooling water tank [K]":"296.15","ambient temperature outside [K]":"295.15"}
{"timestamp":"2021-06-07T02:35:34.971Z","ambient temperature top chamber [K]":"296.15","ambient temperature bottom chamber [K]":"293.15","temperature cooling water tank [K]":"296.15"}
{"timestamp":"2021-06-07T02:35:38.324Z","ambient temperature outside [K]":"295.15","ambient temperature top chamber [K]":"296.15","ambient temperature bottom chamber [K]":"293.15"}
{"timestamp":"2021-06-07T02:35:41.679Z","temperature cooling water tank [K]":"296.15","ambient temperature outside [K]":"295.15","ambient temperature top chamber [K]":"296.15"}
{"timestamp":"2021-06-07T02:35:44.790Z","ambient temperature bottom chamber [K]":"293.15","temperature cooling water tank [K]":"296.15","ambient temperature outside [K]":"295.15"}
{"timestamp":"2021-06-07T02:35:48.139Z","ambient temperature top chamber [K]":"296.15","ambient temperature bottom chamber [K]":"293.15","temperature cooling water tank [K]":"296.15"}
{"timestamp":"2021-06-07T02:35:51.494Z","ambient temperature outside [K]":"295.15","ambient temperature top chamber [K]":"296.15","ambient temperature bottom chamber [K]":"293.15"}
{"timestamp":"2021-06-07T02:35:54.849Z","temperature cooling water tank [K]":"296.15","ambient temperature outside [K]":"295.15","ambient temperature top chamber [K]":"296.15"}
{"timestamp":"2021-06-07T02:35:57.953Z","ambient temperature bottom chamber [K]":"293.15","temperature cooling water tank [K]":"296.15","ambient temperature outside [K]":"295.15"}
{"timestamp":"2021-06-07T02:36:01.309Z","ambient temperature top chamber [K]":"296.15","ambient temperature bottom chamber [K]":"293.15","temperature cooling water tank [K]":"296.15"}
{"timestamp":"2021-06-07T02:36:04.664Z","ambient temperature outside [K]":"295.15","ambient temperature top chamber [K]":"296.15","ambient temperature bottom chamber [K]":"293.15"}
{"timestamp":"2021-06-07T02:36:08.019Z","temperature cooling water tank [K]":"296.15","ambient temperature outside [K]":"295.15","ambient temperature top chamber [K]":"296.15"}
{"timestamp":"2021-06-07T02:36:11.124Z","ambient temperature bottom chamber [K]":"293.15","temperature cooling water tank [K]":"296.15","ambient temperature outside [K]":"295.15"}
{"timestamp":"2021-06-07T02:36:14.478Z","ambient temperature top chamber [K]":"296.15","ambient temperature bottom chamber [K]":"293.15","temperature cooling water tank [K]":"296.15"}
{"timestamp":"2021-06-07T02:36:17.834Z","ambient temperature outside [K]":"295.15","ambient temperature top chamber [K]":"296.15","ambient temperature bottom chamber [K]":"293.15"}
{"timestamp":"2021-06-07T02:36:21.190Z","temperature cooling water tank [K]":"296.15","ambient temperature outside [K]":"295.15","ambient temperature top chamber [K]":"296.15"}
{"timestamp":"2021-06-07T02:36:24.294Z","ambient temperature bottom chamber [K]":"293.15","temperature cooling water tank [K]":"296.15","ambient temperature outside [K]":"295.15"}
{"timestamp":"2021-06-07T02:36:27.651Z","ambient temperature top chamber [K]":"296.15","ambient temperature bottom chamber [K]":"293.15","temperature cooling water tank [K]":"296.15"}
{"timestamp":"2021-06-07T02:36:31.004Z","ambient temperature outside [K]":"295.15","ambient temperature top chamber [K]":"296.15","ambient temperature bottom chamber [K]":"293.15"}
{"timestamp":"2021-06-07T02:36:34.359Z","temperature cooling water tank [K]":"296.15","ambient temperature outside [K]":"295.15","ambient temperature top chamber [K]":"296.15"}
{"timestamp":"2021-06-07T02:36:37.463Z","ambient temperature bottom chamber [K]":"293.15","temperature cooling water tank [K]":"296.15","ambient temperature outside [K]":"295.15"}
{"timestamp":"2021-06-07T02:36:40.818Z","ambient temperature top chamber [K]":"296.15","ambient temperature bottom chamber [K]":"293.15","temperature cooling water tank [K]":"296.15"}
{"timestamp":"2021-06-07T02:36:44.174Z","ambient temperature outside [K]":"295.15","ambient temperature top chamber [K]":"296.15","ambient temperature bottom chamber [K]":"293.15"}
{"timestamp":"2021-06-07T02:36:47.528Z","temperature cooling water tank [K]":"296.15","ambient temperature outside [K]":"295.15","ambient temperature top chamber [K]":"296.15"}
{"timestamp":"2021-06-07T02:36:50.633Z","ambient temperature bottom chamber [K]":"293.15","temperature cooling water tank [K]":"296.15","ambient temperature outside [K]":"295.15"}
{"timestamp":"2021-06-07T02:36:53.988Z","ambient temperature top chamber [K]":"296.15","ambient temperature bottom chamber [K]":"293.15","temperature cooling water tank [K]":"296.15"}
{"timestamp":"2021-06-07T02:36:57.343Z","ambient temperature outside [K]":"295.15","ambient temperature top chamber [K]":"295.15","ambient temperature bottom chamber [K]":"293.15"}
{"timestamp":"2021-06-07T02:37:00.703Z","temperature cooling water tank [K]":"296.15","ambient temperature outside [K]":"295.15","ambient temperature top chamber [K]":"295.15"}
{"timestamp":"2021-06-07T02:37:03.803Z","ambient temperature bottom chamber [K]":"293.15","temperature cooling water tank [K]":"296.15","ambient temperature outside [K]":"295.15"}
{"timestamp":"2021-06-07T02:37:07.158Z","ambient temperature top chamber [K]":"295.15","ambient temperature bottom chamber [K]":"293.15","temperature cooling water tank [K]":"296.15"}
{"timestamp":"2021-06-07T02:37:10.513Z","ambient temperature outside [K]":"295.15","ambient temperature top chamber [K]":"296.15","ambient temperature bottom chamber [K]":"293.15"}
{"timestamp":"2021-06-07T02:37:13.868Z","temperature cooling water tank [K]":"296.15","ambient temperature outside [K]":"295.15","ambient temperature top chamber [K]":"295.15"}
{"timestamp":"2021-06-07T02:37:16.974Z","ambient temperature bottom chamber [K]":"293.15","temperature cooling water tank [K]":"296.15","ambient temperature outside [K]":"295.15"}
{"timestamp":"2021-06-07T02:37:20.328Z","ambient temperature top chamber [K]":"296.15","ambient temperature bottom chamber [K]":"293.15","temperature cooling water tank [K]":"296.15"}
{"timestamp":"2021-06-07T02:37:23.684Z","ambient temperature outside [K]":"295.15","ambient temperature top chamber [K]":"295.15","ambient temperature bottom chamber [K]":"293.15"}
{"timestamp":"2021-06-07T02:37:27.039Z","temperature cooling water tank [K]":"296.15","ambient temperature outside [K]":"295.15","ambient temperature top chamber [K]":"296.15"}
{"timestamp":"2021-06-07T02:37:30.143Z","ambient temperature bottom chamber [K]":"293.15","temperature cooling water tank [K]":"296.15","ambient temperature outside [K]":"295.15"}
{"timestamp":"2021-06-07T02:37:33.498Z","ambient temperature top chamber [K]":"295.15","ambient temperature bottom chamber [K]":"293.15","temperature cooling water tank [K]":"296.15"}
{"timestamp":"2021-06-07T02:37:36.853Z","ambient temperature outside [K]":"295.15","ambient temperature top chamber [K]":"295.15","ambient temperature bottom chamber [K]":"293.15"}
{"timestamp":"2021-06-07T02:37:40.209Z","temperature cooling water tank [K]":"296.15","ambient temperature outside [K]":"295.15","ambient temperature top chamber [K]":"295.15"}
{"timestamp":"2021-06-07T02:37:43.313Z","ambient temperature bottom chamber [K]":"293.15","temperature cooling water tank [K]":"296.15","ambient temperature outside [K]":"295.15"}
{"timestamp":"2021-06-07T02:37:46.668Z","ambient temperature top chamber [K]":"296.15","ambient temperature bottom chamber [K]":"293.15","temperature cooling water tank [K]":"296.15"}
{"timestamp":"2021-06-07T02:37:50.023Z","ambient temperature outside [K]":"295.15","ambient temperature top chamber [K]":"296.15","ambient temperature bottom chamber [K]":"293.15"}
{"timestamp":"2021-06-07T02:37:53.378Z","temperature cooling water tank [K]":"296.15","ambient temperature outside [K]":"295.15","ambient temperature top chamber [K]":"295.15"}
{"timestamp":"2021-06-07T02:37:56.487Z","ambient temperature bottom chamber [K]":"293.15","temperature cooling water tank [K]":"296.15","ambient temperature outside [K]":"295.15"}
{"timestamp":"2021-06-07T02:37:59.838Z","ambient temperature top chamber [K]":"295.15","ambient temperature bottom chamber [K]":"293.15","temperature cooling water tank [K]":"296.15"}
{"timestamp":"2021-06-07T02:38:06.323Z","ambient temperature top chamber [K]":"295.15","ambient temperature bottom chamber [K]":"293.15","temperature cooling water tank [K]":"296.15"}
{"timestamp":"2021-06-07T02:38:09.677Z","ambient temperature outside [K]":"295.15","ambient temperature top chamber [K]":"296.15","ambient temperature bottom chamber [K]":"293.15"}
{"timestamp":"2021-06-07T02:38:13.033Z","temperature cooling water tank [K]":"296.15","ambient temperature outside [K]":"295.15","ambient temperature top chamber [K]":"295.15"}
{"timestamp":"2021-06-07T02:38:16.138Z","ambient temperature bottom chamber [K]":"293.15","temperature cooling water tank [K]":"296.15","ambient temperature outside [K]":"295.15"}
{"timestamp":"2021-06-07T02:38:19.507Z","ambient temperature top chamber [K]":"296.15","ambient temperature bottom chamber [K]":"293.15","temperature cooling water tank [K]":"296.15"}
{"timestamp":"2021-06-07T02:38:22.848Z","ambient temperature outside [K]":"295.15","ambient temperature top chamber [K]":"295.15","ambient temperature bottom chamber [K]":"293.15"}
{"timestamp":"2021-06-07T02:38:26.203Z","temperature cooling water tank [K]":"296.15","ambient temperature outside [K]":"295.15","ambient temperature top chamber [K]":"296.15"}
{"timestamp":"2021-06-07T02:38:29.308Z","ambient temperature bottom chamber [K]":"293.15","temperature cooling water tank [K]":"296.15","ambient temperature outside [K]":"295.15"}
{"timestamp":"2021-06-07T02:38:32.662Z","ambient temperature top chamber [K]":"295.15","ambient temperature bottom chamber [K]":"293.15","temperature cooling water tank [K]":"296.15"}
{"timestamp":"2021-06-07T02:38:36.018Z","ambient temperature outside [K]":"295.15","ambient temperature top chamber [K]":"295.15","ambient temperature bottom chamber [K]":"293.15"}
{"timestamp":"2021-06-07T02:38:39.373Z","temperature cooling water tank [K]":"296.15","ambient temperature outside [K]":"295.15","ambient temperature top chamber [K]":"295.15"}
{"timestamp":"2021-06-07T02:38:42.478Z","ambient temperature bottom chamber [K]":"293.15","temperature cooling water tank [K]":"296.15","ambient temperature outside [K]":"295.15"}
{"timestamp":"2021-06-07T02:38:45.833Z","ambient temperature top chamber [K]":"296.15","ambient temperature bottom chamber [K]":"293.15","temperature cooling water tank [K]":"296.15"}
{"timestamp":"2021-06-07T04:38:56.750Z","ambient temperature top chamber [K]":"295.15","ambient temperature bottom chamber [K]":"293.15","temperature cooling water tank [K]":"296.15"}
{"timestamp":"2021-06-07T04:39:00.105Z","ambient temperature outside [K]":"295.15","ambient temperature top chamber [K]":"295.15","ambient temperature bottom chamber [K]":"293.15"}
{"timestamp":"2021-06-07T04:39:03.460Z","temperature cooling water tank [K]":"296.15","ambient temperature outside [K]":"295.15","ambient temperature top chamber [K]":"295.15"}
{"timestamp":"2021-06-07T04:39:06.565Z","ambient temperature bottom chamber [K]":"293.15","temperature cooling water tank [K]":"296.15","ambient temperature outside [K]":"295.15"}
{"timestamp":"2021-06-07T04:39:09.920Z","ambient temperature top chamber [K]":"295.15","ambient temperature bottom chamber [K]":"293.15","temperature cooling water tank [K]":"296.15"}
{"timestamp":"2021-06-07T04:39:13.275Z","ambient temperature outside [K]":"295.15","ambient temperature top chamber [K]":"295.15","ambient temperature bottom chamber [K]":"293.15"}
{"timestamp":"2021-06-07T04:39:16.630Z","temperature cooling water tank [K]":"296.15","ambient temperature outside [K]":"295.15","ambient temperature top chamber [K]":"295.15"}
{"timestamp":"2021-06-07T04:39:19.735Z","ambient temperature bottom chamber [K]":"293.15","temperature cooling water tank [K]":"296.15","ambient temperature outside [K]":"295.15"}
{"timestamp":"2021-06-07T04:39:23.090Z","ambient temperature top chamber [K]":"295.15","ambient temperature bottom chamber [K]":"293.15","temperature cooling water tank [K]":"296.15"}
{"timestamp":"2021-06-07T04:39:26.446Z","ambient temperature outside [K]":"295.15","ambient temperature top chamber [K]":"295.15","ambient temperature bottom chamber [K]":"293.15"}
{"timestamp":"2021-06-07T04:39:29.801Z","temperature cooling water tank [K]":"296.15","ambient temperature outside [K]":"295.15","ambient temperature top chamber [K]":"295.15"}
{"timestamp":"2021-06-07T04:39:32.905Z","ambient temperature bottom chamber [K]":"293.15","temperature cooling water tank [K]":"296.15","ambient temperature outside [K]":"295.15"}
{"timestamp":"2021-06-07T04:39:36.260Z","ambient temperature top chamber [K]":"295.15","ambient temperature bottom chamber [K]":"293.15","temperature cooling water tank [K]":"296.15"}
{"timestamp":"2021-06-07T04:39:39.615Z","ambient temperature outside [K]":"295.15","ambient temperature top chamber [K]":"295.15","ambient temperature bottom chamber [K]":"293.15"}
{"timestamp":"2021-06-07T04:39:42.970Z","temperature cooling water tank [K]":"296.15","ambient temperature outside [K]":"295.15","ambient temperature top chamber [K]":"295.15"}
{"timestamp":"2021-06-07T04:39:46.075Z","ambient temperature bottom chamber [K]":"293.15","temperature cooling water tank [K]":"296.15","ambient temperature outside [K]":"295.15"}
{"timestamp":"2021-06-07T04:39:49.430Z","ambient temperature top chamber [K]":"295.15","ambient temperature bottom chamber [K]":"293.15","temperature cooling water tank [K]":"296.15"}
{"timestamp":"2021-06-07T04:39:52.785Z","ambient temperature outside [K]":"295.15","ambient temperature top chamber [K]":"295.15","ambient temperature bottom chamber [K]":"293.15"}
{"timestamp":"2021-06-07T04:39:56.140Z","temperature cooling water tank [K]":"296.15","ambient temperature outside [K]":"295.15","ambient temperature top chamber [K]":"295.15"}
{"timestamp":"2021-06-07T04:39:59.245Z","ambient temperature bottom chamber [K]":"293.15","temperature cooling water tank [K]":"296.15","ambient temperature outside [K]":"295.15"}
{"timestamp":"2021-06-07T04:40:02.600Z","ambient temperature top chamber [K]":"295.15","ambient temperature bottom chamber [K]":"293.15","temperature cooling water tank [K]":"296.15"}
