{"voltage (set) [V]":"NaN","voltage [V]":"NaN","current (set) [A]":"NaN","current [A]":"NaN","power [W]":"NaN","timestamp":"2021-06-06T22:05:02.586Z"}
{"voltage [V]":"NaN","current (set) [A]":"NaN","current [A]":"NaN","power [W]":"NaN","timestamp":"2021-06-06T22:05:03.586Z","voltage (set) [V]":"NaN"}
{"current (set) [A]":"NaN","current [A]":"NaN","power [W]":"NaN","timestamp":"2021-06-06T22:05:04.587Z","voltage (set) [V]":"NaN","voltage [V]":"NaN"}
{"current [A]":"NaN","power [W]":"NaN","timestamp":"2021-06-06T22:05:05.590Z","voltage (set) [V]":"NaN","voltage [V]":"NaN","current (set) [A]":"NaN"}
{"power [W]":"NaN","timestamp":"2021-06-06T22:05:06.591Z","voltage (set) [V]":"NaN","voltage [V]":"NaN","current (set) [A]":"NaN","current [A]":"NaN"}
{"timestamp":"2021-06-06T22:05:08.590Z","voltage (set) [V]":"NaN","voltage [V]":"NaN","current (set) [A]":"NaN","current [A]":"NaN","power [W]":"NaN"}
{"voltage (set) [V]":"NaN","voltage [V]":"NaN","current (set) [A]":"NaN","current [A]":"NaN","power [W]":"NaN","timestamp":"2021-06-06T22:05:09.591Z"}
{"voltage [V]":"NaN","current (set) [A]":"NaN","current [A]":"NaN","power [W]":"NaN","timestamp":"2021-06-06T22:05:10.591Z","voltage (set) [V]":"NaN"}
{"current (set) [A]":"NaN","current [A]":"NaN","power [W]":"NaN","timestamp":"2021-06-06T22:05:11.594Z","voltage (set) [V]":"NaN","voltage [V]":"NaN"}
{"current [A]":"NaN","power [W]":"NaN","timestamp":"2021-06-06T22:05:12.595Z","voltage (set) [V]":"NaN","voltage [V]":"NaN","current (set) [A]":"NaN"}
{"power [W]":"NaN","timestamp":"2021-06-06T22:05:13.596Z","voltage (set) [V]":"NaN","voltage [V]":"NaN","current (set) [A]":"NaN","current [A]":"NaN"}
{"timestamp":"2021-06-06T22:05:15.596Z","voltage (set) [V]":"NaN","voltage [V]":"NaN","current (set) [A]":"NaN","current [A]":"NaN","power [W]":"NaN"}
{"voltage (set) [V]":"NaN","voltage [V]":"NaN","current (set) [A]":"NaN","current [A]":"NaN","power [W]":"NaN","timestamp":"2021-06-06T22:05:16.596Z"}
{"voltage [V]":"NaN","current (set) [A]":"NaN","current [A]":"NaN","power [W]":"NaN","timestamp":"2021-06-06T22:05:17.598Z","voltage (set) [V]":"NaN"}
{"current (set) [A]":"NaN","current [A]":"NaN","power [W]":"NaN","timestamp":"2021-06-06T22:05:18.598Z","voltage (set) [V]":"NaN","voltage [V]":"NaN"}
{"current [A]":"NaN","power [W]":"NaN","timestamp":"2021-06-06T22:05:19.601Z","voltage (set) [V]":"NaN","voltage [V]":"NaN","current (set) [A]":"NaN"}
{"power [W]":"NaN","timestamp":"2021-06-06T22:05:20.599Z","voltage (set) [V]":"NaN","voltage [V]":"NaN","current (set) [A]":"NaN","current [A]":"NaN"}
{"timestamp":"2021-06-06T22:05:22.600Z","voltage (set) [V]":"NaN","voltage [V]":"NaN","current (set) [A]":"NaN","current [A]":"NaN","power [W]":"NaN"}
{"voltage (set) [V]":"NaN","voltage [V]":"NaN","current (set) [A]":"NaN","current [A]":"NaN","power [W]":"NaN","timestamp":"2021-06-06T22:05:23.602Z"}
{"voltage [V]":"NaN","current (set) [A]":"NaN","current [A]":"NaN","power [W]":"NaN","timestamp":"2021-06-06T22:05:24.603Z","voltage (set) [V]":"NaN"}
{"current (set) [A]":"NaN","current [A]":"NaN","power [W]":"NaN","timestamp":"2021-06-06T22:05:25.603Z","voltage (set) [V]":"NaN","voltage [V]":"NaN"}
{"current [A]":"NaN","power [W]":"NaN","timestamp":"2021-06-06T22:05:26.604Z","voltage (set) [V]":"NaN","voltage [V]":"NaN","current (set) [A]":"NaN"}
{"power [W]":"NaN","timestamp":"2021-06-06T22:05:27.604Z","voltage (set) [V]":"NaN","voltage [V]":"NaN","current (set) [A]":"NaN","current [A]":"NaN"}
{"timestamp":"2021-06-06T22:05:29.606Z","voltage (set) [V]":"NaN","voltage [V]":"NaN","current (set) [A]":"NaN","current [A]":"NaN","power [W]":"NaN"}
{"voltage (set) [V]":"NaN","voltage [V]":"NaN","current (set) [A]":"NaN","current [A]":"NaN","power [W]":"NaN","timestamp":"2021-06-06T22:05:30.607Z"}
{"voltage [V]":"NaN","current (set) [A]":"NaN","current [A]":"NaN","power [W]":"NaN","timestamp":"2021-06-06T22:05:31.608Z","voltage (set) [V]":"NaN"}
{"current (set) [A]":"NaN","current [A]":"NaN","power [W]":"NaN","timestamp":"2021-06-06T22:05:32.609Z","voltage (set) [V]":"NaN","voltage [V]":"NaN"}
{"current [A]":"NaN","power [W]":"NaN","timestamp":"2021-06-06T22:05:33.610Z","voltage (set) [V]":"NaN","voltage [V]":"NaN","current (set) [A]":"NaN"}
{"power [W]":"NaN","timestamp":"2021-06-06T22:05:34.611Z","voltage (set) [V]":"NaN","voltage [V]":"NaN","current (set) [A]":"NaN","current [A]":"NaN"}
{"timestamp":"2021-06-06T22:05:36.611Z","voltage (set) [V]":"NaN","voltage [V]":"NaN","current (set) [A]":"NaN","current [A]":"NaN","power [W]":"NaN"}
{"voltage (set) [V]":"NaN","voltage [V]":"NaN","current (set) [A]":"NaN","current [A]":"NaN","power [W]":"NaN","timestamp":"2021-06-06T22:05:37.614Z"}
{"voltage [V]":"NaN","current (set) [A]":"NaN","current [A]":"NaN","power [W]":"NaN","timestamp":"2021-06-06T22:05:38.612Z","voltage (set) [V]":"NaN"}
{"current (set) [A]":"NaN","current [A]":"NaN","power [W]":"NaN","timestamp":"2021-06-06T22:05:39.616Z","voltage (set) [V]":"NaN","voltage [V]":"NaN"}
{"current [A]":"NaN","power [W]":"NaN","timestamp":"2021-06-06T22:05:40.614Z","voltage (set) [V]":"NaN","voltage [V]":"NaN","current (set) [A]":"NaN"}
{"power [W]":"NaN","timestamp":"2021-06-06T22:05:41.614Z","voltage (set) [V]":"NaN","voltage [V]":"NaN","current (set) [A]":"NaN","current [A]":"NaN"}
{"timestamp":"2021-06-06T22:05:43.614Z","voltage (set) [V]":"NaN","voltage [V]":"NaN","current (set) [A]":"NaN","current [A]":"NaN","power [W]":"NaN"}
{"voltage (set) [V]":"NaN","voltage [V]":"NaN","current (set) [A]":"NaN","current [A]":"NaN","power [W]":"NaN","timestamp":"2021-06-06T22:05:44.616Z"}
{"voltage [V]":"NaN","current (set) [A]":"NaN","current [A]":"NaN","power [W]":"NaN","timestamp":"2021-06-06T22:05:45.616Z","voltage (set) [V]":"NaN"}
{"current (set) [A]":"NaN","current [A]":"NaN","power [W]":"NaN","timestamp":"2021-06-06T22:05:46.620Z","voltage (set) [V]":"NaN","voltage [V]":"NaN"}
{"current [A]":"NaN","power [W]":"NaN","timestamp":"2021-06-06T22:05:47.617Z","voltage (set) [V]":"NaN","voltage [V]":"NaN","current (set) [A]":"NaN"}
{"power [W]":"NaN","timestamp":"2021-06-06T22:05:48.617Z","voltage (set) [V]":"NaN","voltage [V]":"NaN","current (set) [A]":"NaN","current [A]":"NaN"}
{"timestamp":"2021-06-06T22:05:50.618Z","voltage (set) [V]":"NaN","voltage [V]":"NaN","current (set) [A]":"NaN","current [A]":"NaN","power [W]":"NaN"}
{"voltage (set) [V]":"NaN","voltage [V]":"NaN","current (set) [A]":"NaN","current [A]":"NaN","power [W]":"NaN","timestamp":"2021-06-06T22:05:51.621Z"}
{"voltage [V]":"NaN","current (set) [A]":"NaN","current [A]":"NaN","power [W]":"NaN","timestamp":"2021-06-06T22:05:52.620Z","voltage (set) [V]":"NaN"}
{"current (set) [A]":"NaN","current [A]":"NaN","power [W]":"NaN","timestamp":"2021-06-06T22:05:53.621Z","voltage (set) [V]":"NaN","voltage [V]":"NaN"}
{"current [A]":"NaN","power [W]":"NaN","timestamp":"2021-06-06T22:05:54.622Z","voltage (set) [V]":"NaN","voltage [V]":"NaN","current (set) [A]":"NaN"}
{"power [W]":"NaN","timestamp":"2021-06-06T22:05:55.625Z","voltage (set) [V]":"NaN","voltage [V]":"NaN","current (set) [A]":"NaN","current [A]":"NaN"}
{"timestamp":"2021-06-06T22:05:57.622Z","voltage (set) [V]":"NaN","voltage [V]":"NaN","current (set) [A]":"NaN","current [A]":"NaN","power [W]":"NaN"}
{"voltage (set) [V]":"NaN","voltage [V]":"NaN","current (set) [A]":"NaN","current [A]":"NaN","power [W]":"NaN","timestamp":"2021-06-06T22:05:58.622Z"}
{"voltage (set) [V]":"NaN","voltage [V]":"NaN","current (set) [A]":"NaN","current [A]":"NaN","power [W]":"NaN","timestamp":"2021-06-06T22:06:01.444Z"}
{"voltage [V]":"NaN","current (set) [A]":"NaN","current [A]":"NaN","power [W]":"NaN","timestamp":"2021-06-06T22:06:02.436Z","voltage (set) [V]":"NaN"}
{"current (set) [A]":"NaN","current [A]":"NaN","power [W]":"NaN","timestamp":"2021-06-06T22:06:03.437Z","voltage (set) [V]":"NaN","voltage [V]":"NaN"}
{"current [A]":"NaN","power [W]":"NaN","timestamp":"2021-06-06T22:06:04.439Z","voltage (set) [V]":"NaN","voltage [V]":"NaN","current (set) [A]":"NaN"}
{"power [W]":"NaN","timestamp":"2021-06-06T22:06:05.439Z","voltage (set) [V]":"NaN","voltage [V]":"NaN","current (set) [A]":"NaN","current [A]":"NaN"}
{"timestamp":"2021-06-06T22:06:07.439Z","voltage (set) [V]":"NaN","voltage [V]":"NaN","current (set) [A]":"NaN","current [A]":"NaN","power [W]":"NaN"}
{"voltage (set) [V]":"NaN","voltage [V]":"NaN","current (set) [A]":"NaN","current [A]":"NaN","power [W]":"NaN","timestamp":"2021-06-06T22:06:08.440Z"}
{"voltage [V]":"NaN","current (set) [A]":"NaN","current [A]":"NaN","power [W]":"NaN","timestamp":"2021-06-06T22:06:09.441Z","voltage (set) [V]":"NaN"}
{"current (set) [A]":"NaN","current [A]":"NaN","power [W]":"NaN","timestamp":"2021-06-06T22:06:10.441Z","voltage (set) [V]":"NaN","voltage [V]":"NaN"}
{"current [A]":"NaN","power [W]":"NaN","timestamp":"2021-06-06T22:06:11.444Z","voltage (set) [V]":"NaN","voltage [V]":"NaN","current (set) [A]":"NaN"}
{"power [W]":"NaN","timestamp":"2021-06-06T22:06:12.442Z","voltage (set) [V]":"NaN","voltage [V]":"NaN","current (set) [A]":"NaN","current [A]":"NaN"}
{"timestamp":"2021-06-06T22:06:14.443Z","voltage (set) [V]":"NaN","voltage [V]":"NaN","current (set) [A]":"NaN","current [A]":"NaN","power [W]":"NaN"}
{"voltage (set) [V]":"NaN","voltage [V]":"NaN","current (set) [A]":"NaN","current [A]":"NaN","power [W]":"NaN","timestamp":"2021-06-06T22:06:15.444Z"}
{"voltage [V]":"NaN","current (set) [A]":"NaN","current [A]":"NaN","power [W]":"NaN","timestamp":"2021-06-06T22:06:16.444Z","voltage (set) [V]":"NaN"}
{"current (set) [A]":"NaN","current [A]":"NaN","power [W]":"NaN","timestamp":"2021-06-06T22:06:17.445Z","voltage (set) [V]":"NaN","voltage [V]":"NaN"}
{"current [A]":"NaN","power [W]":"NaN","timestamp":"2021-06-06T22:06:18.445Z","voltage (set) [V]":"NaN","voltage [V]":"NaN","current (set) [A]":"NaN"}
{"power [W]":"NaN","timestamp":"2021-06-06T22:06:19.446Z","voltage (set) [V]":"NaN","voltage [V]":"NaN","current (set) [A]":"NaN","current [A]":"NaN"}
{"timestamp":"2021-06-06T22:06:21.447Z","voltage (set) [V]":"NaN","voltage [V]":"NaN","current (set) [A]":"NaN","current [A]":"NaN","power [W]":"NaN"}
{"voltage (set) [V]":"NaN","voltage [V]":"NaN","current (set) [A]":"NaN","current [A]":"NaN","power [W]":"NaN","timestamp":"2021-06-06T22:06:22.450Z"}
{"voltage [V]":"NaN","current (set) [A]":"NaN","current [A]":"NaN","power [W]":"NaN","timestamp":"2021-06-06T22:06:23.447Z","voltage (set) [V]":"NaN"}
{"current (set) [A]":"NaN","current [A]":"NaN","power [W]":"NaN","timestamp":"2021-06-06T22:06:24.450Z","voltage (set) [V]":"NaN","voltage [V]":"NaN"}
{"current [A]":"NaN","power [W]":"NaN","timestamp":"2021-06-06T22:06:25.447Z","voltage (set) [V]":"NaN","voltage [V]":"NaN","current (set) [A]":"NaN"}
{"power [W]":"NaN","timestamp":"2021-06-06T22:06:26.448Z","voltage (set) [V]":"NaN","voltage [V]":"NaN","current (set) [A]":"NaN","current [A]":"NaN"}
{"timestamp":"2021-06-06T22:06:28.450Z","voltage (set) [V]":"NaN","voltage [V]":"NaN","current (set) [A]":"NaN","current [A]":"NaN","power [W]":"NaN"}
{"voltage (set) [V]":"NaN","voltage [V]":"NaN","current (set) [A]":"NaN","current [A]":"NaN","power [W]":"NaN","timestamp":"2021-06-06T22:06:29.450Z"}
{"voltage [V]":"NaN","current (set) [A]":"NaN","current [A]":"NaN","power [W]":"NaN","timestamp":"2021-06-06T22:06:30.451Z","voltage (set) [V]":"NaN"}
{"current (set) [A]":"NaN","current [A]":"NaN","power [W]":"NaN","timestamp":"2021-06-06T22:06:31.451Z","voltage (set) [V]":"NaN","voltage [V]":"NaN"}
{"current [A]":"NaN","power [W]":"NaN","timestamp":"2021-06-06T22:06:32.452Z","voltage (set) [V]":"NaN","voltage [V]":"NaN","current (set) [A]":"NaN"}
{"power [W]":"NaN","timestamp":"2021-06-06T22:06:33.455Z","voltage (set) [V]":"NaN","voltage [V]":"NaN","current (set) [A]":"NaN","current [A]":"NaN"}
{"timestamp":"2021-06-06T22:06:35.455Z","voltage (set) [V]":"NaN","voltage [V]":"NaN","current (set) [A]":"NaN","current [A]":"NaN","power [W]":"NaN"}
{"voltage (set) [V]":"NaN","voltage [V]":"NaN","current (set) [A]":"NaN","current [A]":"NaN","power [W]":"NaN","timestamp":"2021-06-06T22:06:36.451Z"}
{"voltage [V]":"NaN","current (set) [A]":"NaN","current [A]":"NaN","power [W]":"NaN","timestamp":"2021-06-06T22:06:37.461Z","voltage (set) [V]":"NaN"}
{"current (set) [A]":"NaN","current [A]":"NaN","power [W]":"NaN","timestamp":"2021-06-06T22:06:38.454Z","voltage (set) [V]":"NaN","voltage [V]":"NaN"}
{"current [A]":"NaN","power [W]":"NaN","timestamp":"2021-06-06T22:06:39.454Z","voltage (set) [V]":"NaN","voltage [V]":"NaN","current (set) [A]":"NaN"}
{"power [W]":"NaN","timestamp":"2021-06-06T22:06:40.454Z","voltage (set) [V]":"NaN","voltage [V]":"NaN","current (set) [A]":"NaN","current [A]":"NaN"}
{"timestamp":"2021-06-06T22:06:42.455Z","voltage (set) [V]":"NaN","voltage [V]":"NaN","current (set) [A]":"NaN","current [A]":"NaN","power [W]":"NaN"}
{"voltage (set) [V]":"NaN","voltage [V]":"NaN","current (set) [A]":"NaN","current [A]":"NaN","power [W]":"NaN","timestamp":"2021-06-06T22:06:43.456Z"}
{"voltage [V]":"NaN","current (set) [A]":"NaN","current [A]":"NaN","power [W]":"NaN","timestamp":"2021-06-06T22:06:44.460Z","voltage (set) [V]":"NaN"}
{"current (set) [A]":"NaN","current [A]":"NaN","power [W]":"NaN","timestamp":"2021-06-06T22:06:45.458Z","voltage (set) [V]":"NaN","voltage [V]":"NaN"}
{"current [A]":"NaN","power [W]":"NaN","timestamp":"2021-06-06T22:06:46.458Z","voltage (set) [V]":"NaN","voltage [V]":"NaN","current (set) [A]":"NaN"}
{"power [W]":"NaN","timestamp":"2021-06-06T22:06:47.459Z","voltage (set) [V]":"NaN","voltage [V]":"NaN","current (set) [A]":"NaN","current [A]":"NaN"}
{"timestamp":"2021-06-06T22:06:49.459Z","voltage (set) [V]":"NaN","voltage [V]":"NaN","current (set) [A]":"NaN","current [A]":"NaN","power [W]":"NaN"}
{"voltage (set) [V]":"NaN","voltage [V]":"NaN","current (set) [A]":"NaN","current [A]":"NaN","power [W]":"NaN","timestamp":"2021-06-06T22:06:50.460Z"}
{"voltage [V]":"NaN","current (set) [A]":"NaN","current [A]":"NaN","power [W]":"NaN","timestamp":"2021-06-06T22:06:51.461Z","voltage (set) [V]":"NaN"}
{"current (set) [A]":"NaN","current [A]":"NaN","power [W]":"NaN","timestamp":"2021-06-06T22:06:52.461Z","voltage (set) [V]":"NaN","voltage [V]":"NaN"}
{"current [A]":"NaN","power [W]":"NaN","timestamp":"2021-06-06T22:06:53.463Z","voltage (set) [V]":"NaN","voltage [V]":"NaN","current (set) [A]":"NaN"}
{"power [W]":"NaN","timestamp":"2021-06-06T22:06:54.463Z","voltage (set) [V]":"NaN","voltage [V]":"NaN","current (set) [A]":"NaN","current [A]":"NaN"}
{"timestamp":"2021-06-06T22:06:56.463Z","voltage (set) [V]":"NaN","voltage [V]":"NaN","current (set) [A]":"NaN","current [A]":"NaN","power [W]":"NaN"}
{"voltage (set) [V]":"NaN","voltage [V]":"NaN","current (set) [A]":"NaN","current [A]":"NaN","power [W]":"NaN","timestamp":"2021-06-06T22:06:57.466Z"}
{"voltage [V]":"NaN","current (set) [A]":"NaN","current [A]":"NaN","power [W]":"NaN","timestamp":"2021-06-06T22:06:58.463Z","voltage (set) [V]":"NaN"}
{"current (set) [A]":"NaN","current [A]":"NaN","power [W]":"NaN","timestamp":"2021-06-06T22:06:59.466Z","voltage (set) [V]":"NaN","voltage [V]":"NaN"}
{"current [A]":"NaN","power [W]":"NaN","timestamp":"2021-06-06T22:07:00.464Z","voltage (set) [V]":"NaN","voltage [V]":"NaN","current (set) [A]":"NaN"}
{"power [W]":"NaN","timestamp":"2021-06-06T22:07:01.463Z","voltage (set) [V]":"NaN","voltage [V]":"NaN","current (set) [A]":"NaN","current [A]":"NaN"}
{"timestamp":"2021-06-06T22:07:03.465Z","voltage (set) [V]":"NaN","voltage [V]":"NaN","current (set) [A]":"NaN","current [A]":"NaN","power [W]":"NaN"}
{"voltage (set) [V]":"NaN","voltage [V]":"NaN","current (set) [A]":"NaN","current [A]":"NaN","power [W]":"NaN","timestamp":"2021-06-06T22:07:04.465Z"}
{"voltage [V]":"NaN","current (set) [A]":"NaN","current [A]":"NaN","power [W]":"NaN","timestamp":"2021-06-06T22:07:05.466Z","voltage (set) [V]":"NaN"}
{"current (set) [A]":"NaN","current [A]":"NaN","power [W]":"NaN","timestamp":"2021-06-06T22:07:06.466Z","voltage (set) [V]":"NaN","voltage [V]":"NaN"}
{"current [A]":"NaN","power [W]":"NaN","timestamp":"2021-06-06T22:07:07.467Z","voltage (set) [V]":"NaN","voltage [V]":"NaN","current (set) [A]":"NaN"}
{"power [W]":"NaN","timestamp":"2021-06-06T22:07:08.472Z","voltage (set) [V]":"NaN","voltage [V]":"NaN","current (set) [A]":"NaN","current [A]":"NaN"}
{"timestamp":"2021-06-06T22:07:10.471Z","voltage (set) [V]":"NaN","voltage [V]":"NaN","current (set) [A]":"NaN","current [A]":"NaN","power [W]":"NaN"}
{"voltage (set) [V]":"NaN","voltage [V]":"NaN","current (set) [A]":"NaN","current [A]":"NaN","power [W]":"NaN","timestamp":"2021-06-06T22:07:11.471Z"}
{"voltage [V]":"NaN","current (set) [A]":"NaN","current [A]":"NaN","power [W]":"NaN","timestamp":"2021-06-06T22:07:12.471Z","voltage (set) [V]":"NaN"}
{"current (set) [A]":"NaN","current [A]":"NaN","power [W]":"NaN","timestamp":"2021-06-06T22:07:13.471Z","voltage (set) [V]":"NaN","voltage [V]":"NaN"}
{"current [A]":"NaN","power [W]":"NaN","timestamp":"2021-06-06T22:07:14.472Z","voltage (set) [V]":"NaN","voltage [V]":"NaN","current (set) [A]":"NaN"}
{"power [W]":"NaN","timestamp":"2021-06-06T22:07:15.473Z","voltage (set) [V]":"NaN","voltage [V]":"NaN","current (set) [A]":"NaN","current [A]":"NaN"}
{"timestamp":"2021-06-06T22:07:17.475Z","voltage (set) [V]":"NaN","voltage [V]":"NaN","current (set) [A]":"NaN","current [A]":"NaN","power [W]":"NaN"}
{"voltage (set) [V]":"NaN","voltage [V]":"NaN","current (set) [A]":"NaN","current [A]":"NaN","power [W]":"NaN","timestamp":"2021-06-06T22:07:18.475Z"}
{"voltage [V]":"NaN","current (set) [A]":"NaN","current [A]":"NaN","power [W]":"NaN","timestamp":"2021-06-06T22:07:19.475Z","voltage (set) [V]":"NaN"}
{"current (set) [A]":"NaN","current [A]":"NaN","power [W]":"NaN","timestamp":"2021-06-06T22:07:20.476Z","voltage (set) [V]":"NaN","voltage [V]":"NaN"}
{"current [A]":"NaN","power [W]":"NaN","timestamp":"2021-06-06T22:07:21.481Z","voltage (set) [V]":"NaN","voltage [V]":"NaN","current (set) [A]":"NaN"}
{"power [W]":"NaN","timestamp":"2021-06-06T22:07:22.478Z","voltage (set) [V]":"NaN","voltage [V]":"NaN","current (set) [A]":"NaN","current [A]":"NaN"}
{"timestamp":"2021-06-06T22:07:24.480Z","voltage (set) [V]":"NaN","voltage [V]":"NaN","current (set) [A]":"NaN","current [A]":"NaN","power [W]":"NaN"}
{"voltage (set) [V]":"NaN","voltage [V]":"NaN","current (set) [A]":"NaN","current [A]":"NaN","power [W]":"NaN","timestamp":"2021-06-06T22:07:25.480Z"}
{"voltage [V]":"NaN","current (set) [A]":"NaN","current [A]":"NaN","power [W]":"NaN","timestamp":"2021-06-06T22:07:26.481Z","voltage (set) [V]":"NaN"}
{"current (set) [A]":"NaN","current [A]":"NaN","power [W]":"NaN","timestamp":"2021-06-06T22:07:27.482Z","voltage (set) [V]":"NaN","voltage [V]":"NaN"}
{"current [A]":"NaN","power [W]":"NaN","timestamp":"2021-06-06T22:07:28.482Z","voltage (set) [V]":"NaN","voltage [V]":"NaN","current (set) [A]":"NaN"}
{"power [W]":"NaN","timestamp":"2021-06-06T22:07:29.481Z","voltage (set) [V]":"NaN","voltage [V]":"NaN","current (set) [A]":"NaN","current [A]":"NaN"}
{"timestamp":"2021-06-06T22:07:31.483Z","voltage (set) [V]":"NaN","voltage [V]":"NaN","current (set) [A]":"NaN","current [A]":"NaN","power [W]":"NaN"}
{"voltage (set) [V]":"NaN","voltage [V]":"NaN","current (set) [A]":"NaN","current [A]":"NaN","power [W]":"NaN","timestamp":"2021-06-06T22:07:32.487Z"}
{"voltage [V]":"NaN","current (set) [A]":"NaN","current [A]":"NaN","power [W]":"NaN","timestamp":"2021-06-06T22:07:33.484Z","voltage (set) [V]":"NaN"}
{"current (set) [A]":"NaN","current [A]":"NaN","power [W]":"NaN","timestamp":"2021-06-06T22:07:34.489Z","voltage (set) [V]":"NaN","voltage [V]":"NaN"}
{"current [A]":"NaN","power [W]":"NaN","timestamp":"2021-06-06T22:07:35.487Z","voltage (set) [V]":"NaN","voltage [V]":"NaN","current (set) [A]":"NaN"}
{"power [W]":"NaN","timestamp":"2021-06-06T22:07:36.488Z","voltage (set) [V]":"NaN","voltage [V]":"NaN","current (set) [A]":"NaN","current [A]":"NaN"}
{"timestamp":"2021-06-06T22:07:38.488Z","voltage (set) [V]":"NaN","voltage [V]":"NaN","current (set) [A]":"NaN","current [A]":"NaN","power [W]":"NaN"}
{"voltage (set) [V]":"NaN","voltage [V]":"NaN","current (set) [A]":"NaN","current [A]":"NaN","power [W]":"NaN","timestamp":"2021-06-06T22:07:39.489Z"}
{"voltage [V]":"NaN","current (set) [A]":"NaN","current [A]":"NaN","power [W]":"NaN","timestamp":"2021-06-06T22:07:40.490Z","voltage (set) [V]":"NaN"}
{"voltage (set) [V]":"NaN","voltage [V]":"NaN","current (set) [A]":"NaN","current [A]":"NaN","power [W]":"NaN","timestamp":"2021-06-06T22:07:51.818Z"}
{"voltage [V]":"NaN","current (set) [A]":"NaN","current [A]":"NaN","power [W]":"NaN","timestamp":"2021-06-06T22:07:52.820Z","voltage (set) [V]":"NaN"}
{"current (set) [A]":"NaN","current [A]":"NaN","power [W]":"NaN","timestamp":"2021-06-06T22:07:53.817Z","voltage (set) [V]":"NaN","voltage [V]":"NaN"}
{"current [A]":"NaN","power [W]":"NaN","timestamp":"2021-06-06T22:07:54.818Z","voltage (set) [V]":"NaN","voltage [V]":"NaN","current (set) [A]":"NaN"}
{"power [W]":"NaN","timestamp":"2021-06-06T22:07:55.818Z","voltage (set) [V]":"NaN","voltage [V]":"NaN","current (set) [A]":"NaN","current [A]":"NaN"}
{"timestamp":"2021-06-06T22:07:57.820Z","voltage (set) [V]":"NaN","voltage [V]":"NaN","current (set) [A]":"NaN","current [A]":"NaN","power [W]":"NaN"}
{"voltage (set) [V]":"NaN","voltage [V]":"NaN","current (set) [A]":"NaN","current [A]":"NaN","power [W]":"NaN","timestamp":"2021-06-06T22:07:58.820Z"}
{"voltage [V]":"NaN","current (set) [A]":"NaN","current [A]":"NaN","power [W]":"NaN","timestamp":"2021-06-06T22:07:59.824Z","voltage (set) [V]":"NaN"}
{"current (set) [A]":"NaN","current [A]":"NaN","power [W]":"NaN","timestamp":"2021-06-06T22:08:00.821Z","voltage (set) [V]":"NaN","voltage [V]":"NaN"}
{"current [A]":"NaN","power [W]":"NaN","timestamp":"2021-06-06T22:08:01.822Z","voltage (set) [V]":"NaN","voltage [V]":"NaN","current (set) [A]":"NaN"}
{"power [W]":"NaN","timestamp":"2021-06-06T22:08:02.822Z","voltage (set) [V]":"NaN","voltage [V]":"NaN","current (set) [A]":"NaN","current [A]":"NaN"}
{"timestamp":"2021-06-06T22:08:04.823Z","voltage (set) [V]":"NaN","voltage [V]":"NaN","current (set) [A]":"NaN","current [A]":"NaN","power [W]":"NaN"}
{"voltage (set) [V]":"NaN","voltage [V]":"NaN","current (set) [A]":"NaN","current [A]":"NaN","power [W]":"NaN","timestamp":"2021-06-06T22:08:05.823Z"}
{"voltage [V]":"NaN","current (set) [A]":"NaN","current [A]":"NaN","power [W]":"NaN","timestamp":"2021-06-06T22:08:06.823Z","voltage (set) [V]":"NaN"}
{"current (set) [A]":"NaN","current [A]":"NaN","power [W]":"NaN","timestamp":"2021-06-06T22:08:07.824Z","voltage (set) [V]":"NaN","voltage [V]":"NaN"}
{"current [A]":"NaN","power [W]":"NaN","timestamp":"2021-06-06T22:08:08.825Z","voltage (set) [V]":"NaN","voltage [V]":"NaN","current (set) [A]":"NaN"}
{"power [W]":"NaN","timestamp":"2021-06-06T22:08:09.824Z","voltage (set) [V]":"NaN","voltage [V]":"NaN","current (set) [A]":"NaN","current [A]":"NaN"}
{"timestamp":"2021-06-06T22:08:11.825Z","voltage (set) [V]":"NaN","voltage [V]":"NaN","current (set) [A]":"NaN","current [A]":"NaN","power [W]":"NaN"}
{"voltage (set) [V]":"NaN","voltage [V]":"NaN","current (set) [A]":"NaN","current [A]":"NaN","power [W]":"NaN","timestamp":"2021-06-06T22:08:12.824Z"}
{"voltage [V]":"NaN","current (set) [A]":"NaN","current [A]":"NaN","power [W]":"NaN","timestamp":"2021-06-06T22:08:13.825Z","voltage (set) [V]":"NaN"}
{"current (set) [A]":"NaN","current [A]":"NaN","power [W]":"NaN","timestamp":"2021-06-06T22:08:14.826Z","voltage (set) [V]":"NaN","voltage [V]":"NaN"}
{"current [A]":"NaN","power [W]":"NaN","timestamp":"2021-06-06T22:08:15.826Z","voltage (set) [V]":"NaN","voltage [V]":"NaN","current (set) [A]":"NaN"}
{"power [W]":"NaN","timestamp":"2021-06-06T22:08:16.826Z","voltage (set) [V]":"NaN","voltage [V]":"NaN","current (set) [A]":"NaN","current [A]":"NaN"}
{"timestamp":"2021-06-06T22:08:18.827Z","voltage (set) [V]":"NaN","voltage [V]":"NaN","current (set) [A]":"NaN","current [A]":"NaN","power [W]":"NaN"}
{"voltage (set) [V]":"NaN","voltage [V]":"NaN","current (set) [A]":"NaN","current [A]":"NaN","power [W]":"NaN","timestamp":"2021-06-06T22:08:19.830Z"}
{"voltage [V]":"NaN","current (set) [A]":"NaN","current [A]":"NaN","power [W]":"NaN","timestamp":"2021-06-06T22:08:20.827Z","voltage (set) [V]":"NaN"}
{"current (set) [A]":"NaN","current [A]":"NaN","power [W]":"NaN","timestamp":"2021-06-06T22:08:21.828Z","voltage (set) [V]":"NaN","voltage [V]":"NaN"}
{"current [A]":"NaN","power [W]":"NaN","timestamp":"2021-06-06T22:08:22.829Z","voltage (set) [V]":"NaN","voltage [V]":"NaN","current (set) [A]":"NaN"}
{"power [W]":"NaN","timestamp":"2021-06-06T22:08:23.829Z","voltage (set) [V]":"NaN","voltage [V]":"NaN","current (set) [A]":"NaN","current [A]":"NaN"}
{"timestamp":"2021-06-06T22:08:25.831Z","voltage (set) [V]":"NaN","voltage [V]":"NaN","current (set) [A]":"NaN","current [A]":"NaN","power [W]":"NaN"}
{"voltage (set) [V]":"NaN","voltage [V]":"NaN","current (set) [A]":"NaN","current [A]":"NaN","power [W]":"NaN","timestamp":"2021-06-06T22:08:26.834Z"}
{"voltage [V]":"NaN","current (set) [A]":"NaN","current [A]":"NaN","power [W]":"NaN","timestamp":"2021-06-06T22:08:27.831Z","voltage (set) [V]":"NaN"}
{"current (set) [A]":"NaN","current [A]":"NaN","power [W]":"NaN","timestamp":"2021-06-06T22:08:28.835Z","voltage (set) [V]":"NaN","voltage [V]":"NaN"}
{"current [A]":"NaN","power [W]":"NaN","timestamp":"2021-06-06T22:08:29.833Z","voltage (set) [V]":"NaN","voltage [V]":"NaN","current (set) [A]":"NaN"}
{"power [W]":"NaN","timestamp":"2021-06-06T22:08:30.838Z","voltage (set) [V]":"NaN","voltage [V]":"NaN","current (set) [A]":"NaN","current [A]":"NaN"}
{"timestamp":"2021-06-06T22:08:32.835Z","voltage (set) [V]":"NaN","voltage [V]":"NaN","current (set) [A]":"NaN","current [A]":"NaN","power [W]":"NaN"}
{"voltage (set) [V]":"NaN","voltage [V]":"NaN","current (set) [A]":"NaN","current [A]":"NaN","power [W]":"NaN","timestamp":"2021-06-06T22:08:33.835Z"}
{"voltage [V]":"NaN","current (set) [A]":"NaN","current [A]":"NaN","power [W]":"NaN","timestamp":"2021-06-06T22:08:34.836Z","voltage (set) [V]":"NaN"}
{"current (set) [A]":"NaN","current [A]":"NaN","power [W]":"NaN","timestamp":"2021-06-06T22:08:35.835Z","voltage (set) [V]":"NaN","voltage [V]":"NaN"}
{"current [A]":"NaN","power [W]":"NaN","timestamp":"2021-06-06T22:08:36.836Z","voltage (set) [V]":"NaN","voltage [V]":"NaN","current (set) [A]":"NaN"}
{"power [W]":"NaN","timestamp":"2021-06-06T22:08:37.837Z","voltage (set) [V]":"NaN","voltage [V]":"NaN","current (set) [A]":"NaN","current [A]":"NaN"}
{"timestamp":"2021-06-06T22:08:39.847Z","voltage (set) [V]":"NaN","voltage [V]":"NaN","current (set) [A]":"NaN","current [A]":"NaN","power [W]":"NaN"}
{"voltage (set) [V]":"NaN","voltage [V]":"NaN","current (set) [A]":"NaN","current [A]":"NaN","power [W]":"NaN","timestamp":"2021-06-06T22:08:40.838Z"}
{"voltage [V]":"NaN","current (set) [A]":"NaN","current [A]":"NaN","power [W]":"NaN","timestamp":"2021-06-06T22:08:41.842Z","voltage (set) [V]":"NaN"}
{"current (set) [A]":"NaN","current [A]":"NaN","power [W]":"NaN","timestamp":"2021-06-06T22:08:42.839Z","voltage (set) [V]":"NaN","voltage [V]":"NaN"}
{"current [A]":"NaN","power [W]":"NaN","timestamp":"2021-06-06T22:08:43.840Z","voltage (set) [V]":"NaN","voltage [V]":"NaN","current (set) [A]":"NaN"}
{"power [W]":"NaN","timestamp":"2021-06-06T22:08:44.840Z","voltage (set) [V]":"NaN","voltage [V]":"NaN","current (set) [A]":"NaN","current [A]":"NaN"}
{"timestamp":"2021-06-06T22:08:46.840Z","voltage (set) [V]":"NaN","voltage [V]":"NaN","current (set) [A]":"NaN","current [A]":"NaN","power [W]":"NaN"}
{"voltage (set) [V]":"NaN","voltage [V]":"NaN","current (set) [A]":"NaN","current [A]":"NaN","power [W]":"NaN","timestamp":"2021-06-06T22:08:47.842Z"}
{"voltage [V]":"NaN","current (set) [A]":"NaN","current [A]":"NaN","power [W]":"NaN","timestamp":"2021-06-06T22:08:48.842Z","voltage (set) [V]":"NaN"}
{"current (set) [A]":"NaN","current [A]":"NaN","power [W]":"NaN","timestamp":"2021-06-06T22:08:49.842Z","voltage (set) [V]":"NaN","voltage [V]":"NaN"}
{"current [A]":"NaN","power [W]":"NaN","timestamp":"2021-06-06T22:08:50.846Z","voltage (set) [V]":"NaN","voltage [V]":"NaN","current (set) [A]":"NaN"}
{"power [W]":"NaN","timestamp":"2021-06-06T22:08:51.842Z","voltage (set) [V]":"NaN","voltage [V]":"NaN","current (set) [A]":"NaN","current [A]":"NaN"}
{"timestamp":"2021-06-06T22:08:53.843Z","voltage (set) [V]":"NaN","voltage [V]":"NaN","current (set) [A]":"NaN","current [A]":"NaN","power [W]":"NaN"}
{"voltage (set) [V]":"NaN","voltage [V]":"NaN","current (set) [A]":"NaN","current [A]":"NaN","power [W]":"NaN","timestamp":"2021-06-06T22:08:54.844Z"}
{"voltage [V]":"NaN","current (set) [A]":"NaN","current [A]":"NaN","power [W]":"NaN","timestamp":"2021-06-06T22:08:55.845Z","voltage (set) [V]":"NaN"}
{"current (set) [A]":"NaN","current [A]":"NaN","power [W]":"NaN","timestamp":"2021-06-06T22:08:56.845Z","voltage (set) [V]":"NaN","voltage [V]":"NaN"}
{"current [A]":"NaN","power [W]":"NaN","timestamp":"2021-06-06T22:08:57.846Z","voltage (set) [V]":"NaN","voltage [V]":"NaN","current (set) [A]":"NaN"}
{"power [W]":"NaN","timestamp":"2021-06-06T22:08:58.847Z","voltage (set) [V]":"NaN","voltage [V]":"NaN","current (set) [A]":"NaN","current [A]":"NaN"}
{"timestamp":"2021-06-06T22:09:00.848Z","voltage (set) [V]":"NaN","voltage [V]":"NaN","current (set) [A]":"NaN","current [A]":"NaN","power [W]":"NaN"}
{"voltage (set) [V]":"NaN","voltage [V]":"NaN","current (set) [A]":"NaN","current [A]":"NaN","power [W]":"NaN","timestamp":"2021-06-06T22:09:01.851Z"}
{"voltage [V]":"NaN","current (set) [A]":"NaN","current [A]":"NaN","power [W]":"NaN","timestamp":"2021-06-06T22:09:02.847Z","voltage (set) [V]":"NaN"}
{"current (set) [A]":"NaN","current [A]":"NaN","power [W]":"NaN","timestamp":"2021-06-06T22:09:03.852Z","voltage (set) [V]":"NaN","voltage [V]":"NaN"}
{"current [A]":"NaN","power [W]":"NaN","timestamp":"2021-06-06T22:09:04.849Z","voltage (set) [V]":"NaN","voltage [V]":"NaN","current (set) [A]":"NaN"}
{"power [W]":"NaN","timestamp":"2021-06-06T22:09:05.850Z","voltage (set) [V]":"NaN","voltage [V]":"NaN","current (set) [A]":"NaN","current [A]":"NaN"}
{"timestamp":"2021-06-06T22:09:07.851Z","voltage (set) [V]":"NaN","voltage [V]":"NaN","current (set) [A]":"NaN","current [A]":"NaN","power [W]":"NaN"}
{"voltage (set) [V]":"NaN","voltage [V]":"NaN","current (set) [A]":"NaN","current [A]":"NaN","power [W]":"NaN","timestamp":"2021-06-06T22:09:08.850Z"}
{"voltage [V]":"NaN","current (set) [A]":"NaN","current [A]":"NaN","power [W]":"NaN","timestamp":"2021-06-06T22:09:09.852Z","voltage (set) [V]":"NaN"}
{"current (set) [A]":"NaN","current [A]":"NaN","power [W]":"NaN","timestamp":"2021-06-06T22:09:10.853Z","voltage (set) [V]":"NaN","voltage [V]":"NaN"}
{"current [A]":"NaN","power [W]":"NaN","timestamp":"2021-06-06T22:09:11.853Z","voltage (set) [V]":"NaN","voltage [V]":"NaN","current (set) [A]":"NaN"}
{"power [W]":"NaN","timestamp":"2021-06-06T22:09:12.854Z","voltage (set) [V]":"NaN","voltage [V]":"NaN","current (set) [A]":"NaN","current [A]":"NaN"}
{"timestamp":"2021-06-06T22:09:14.859Z","voltage (set) [V]":"NaN","voltage [V]":"NaN","current (set) [A]":"NaN","current [A]":"NaN","power [W]":"NaN"}
{"voltage (set) [V]":"NaN","voltage [V]":"NaN","current (set) [A]":"NaN","current [A]":"NaN","power [W]":"NaN","timestamp":"2021-06-06T22:09:15.856Z"}
{"voltage [V]":"NaN","current (set) [A]":"NaN","current [A]":"NaN","power [W]":"NaN","timestamp":"2021-06-06T22:09:16.859Z","voltage (set) [V]":"NaN"}
{"current (set) [A]":"NaN","current [A]":"NaN","power [W]":"NaN","timestamp":"2021-06-06T22:09:17.856Z","voltage (set) [V]":"NaN","voltage [V]":"NaN"}
{"current [A]":"NaN","power [W]":"NaN","timestamp":"2021-06-06T22:09:18.858Z","voltage (set) [V]":"NaN","voltage [V]":"NaN","current (set) [A]":"NaN"}
{"power [W]":"NaN","timestamp":"2021-06-06T22:09:19.859Z","voltage (set) [V]":"NaN","voltage [V]":"NaN","current (set) [A]":"NaN","current [A]":"NaN"}
{"timestamp":"2021-06-06T22:09:21.860Z","voltage (set) [V]":"NaN","voltage [V]":"NaN","current (set) [A]":"NaN","current [A]":"NaN","power [W]":"NaN"}
{"voltage (set) [V]":"NaN","voltage [V]":"NaN","current (set) [A]":"NaN","current [A]":"NaN","power [W]":"NaN","timestamp":"2021-06-06T22:09:22.860Z"}
