{"voltage (set) [V]":"NaN","voltage [V]":"NaN","current (set) [A]":"NaN","current [A]":"NaN","power [W]":"NaN","timestamp":"2021-06-06T22:05:02.586Z"}
{"voltage [V]":"NaN","current (set) [A]":"NaN","current [A]":"NaN","power [W]":"NaN","timestamp":"2021-06-06T22:05:03.587Z","voltage (set) [V]":"NaN"}
{"current (set) [A]":"NaN","current [A]":"NaN","power [W]":"NaN","timestamp":"2021-06-06T22:05:04.588Z","voltage (set) [V]":"NaN","voltage [V]":"NaN"}
{"current [A]":"NaN","power [W]":"NaN","timestamp":"2021-06-06T22:05:05.592Z","voltage (set) [V]":"NaN","voltage [V]":"NaN","current (set) [A]":"NaN"}
{"power [W]":"NaN","timestamp":"2021-06-06T22:05:06.592Z","voltage (set) [V]":"NaN","voltage [V]":"NaN","current (set) [A]":"NaN","current [A]":"NaN"}
{"timestamp":"2021-06-06T22:05:08.591Z","voltage (set) [V]":"NaN","voltage [V]":"NaN","current (set) [A]":"NaN","current [A]":"NaN","power [W]":"NaN"}
{"voltage (set) [V]":"NaN","voltage [V]":"NaN","current (set) [A]":"NaN","current [A]":"NaN","power [W]":"NaN","timestamp":"2021-06-06T22:05:09.592Z"}
{"voltage [V]":"NaN","current (set) [A]":"NaN","current [A]":"NaN","power [W]":"NaN","timestamp":"2021-06-06T22:05:10.592Z","voltage (set) [V]":"NaN"}
{"current (set) [A]":"NaN","current [A]":"NaN","power [W]":"NaN","timestamp":"2021-06-06T22:05:11.596Z","voltage (set) [V]":"NaN","voltage [V]":"NaN"}
{"current [A]":"NaN","power [W]":"NaN","timestamp":"2021-06-06T22:05:12.596Z","voltage (set) [V]":"NaN","voltage [V]":"NaN","current (set) [A]":"NaN"}
{"power [W]":"NaN","timestamp":"2021-06-06T22:05:13.597Z","voltage (set) [V]":"NaN","voltage [V]":"NaN","current (set) [A]":"NaN","current [A]":"NaN"}
{"timestamp":"2021-06-06T22:05:15.598Z","voltage (set) [V]":"NaN","voltage [V]":"NaN","current (set) [A]":"NaN","current [A]":"NaN","power [W]":"NaN"}
{"voltage (set) [V]":"NaN","voltage [V]":"NaN","current (set) [A]":"NaN","current [A]":"NaN","power [W]":"NaN","timestamp":"2021-06-06T22:05:16.597Z"}
{"voltage [V]":"NaN","current (set) [A]":"NaN","current [A]":"NaN","power [W]":"NaN","timestamp":"2021-06-06T22:05:17.601Z","voltage (set) [V]":"NaN"}
{"current (set) [A]":"NaN","current [A]":"NaN","power [W]":"NaN","timestamp":"2021-06-06T22:05:18.600Z","voltage (set) [V]":"NaN","voltage [V]":"NaN"}
{"current [A]":"NaN","power [W]":"NaN","timestamp":"2021-06-06T22:05:19.603Z","voltage (set) [V]":"NaN","voltage [V]":"NaN","current (set) [A]":"NaN"}
{"power [W]":"NaN","timestamp":"2021-06-06T22:05:20.600Z","voltage (set) [V]":"NaN","voltage [V]":"NaN","current (set) [A]":"NaN","current [A]":"NaN"}
{"timestamp":"2021-06-06T22:05:22.601Z","voltage (set) [V]":"NaN","voltage [V]":"NaN","current (set) [A]":"NaN","current [A]":"NaN","power [W]":"NaN"}
{"voltage (set) [V]":"NaN","voltage [V]":"NaN","current (set) [A]":"NaN","current [A]":"NaN","power [W]":"NaN","timestamp":"2021-06-06T22:05:23.604Z"}
{"voltage [V]":"NaN","current (set) [A]":"NaN","current [A]":"NaN","power [W]":"NaN","timestamp":"2021-06-06T22:05:24.605Z","voltage (set) [V]":"NaN"}
{"current (set) [A]":"NaN","current [A]":"NaN","power [W]":"NaN","timestamp":"2021-06-06T22:05:25.605Z","voltage (set) [V]":"NaN","voltage [V]":"NaN"}
{"current [A]":"NaN","power [W]":"NaN","timestamp":"2021-06-06T22:05:26.606Z","voltage (set) [V]":"NaN","voltage [V]":"NaN","current (set) [A]":"NaN"}
{"power [W]":"NaN","timestamp":"2021-06-06T22:05:27.607Z","voltage (set) [V]":"NaN","voltage [V]":"NaN","current (set) [A]":"NaN","current [A]":"NaN"}
{"timestamp":"2021-06-06T22:05:29.608Z","voltage (set) [V]":"NaN","voltage [V]":"NaN","current (set) [A]":"NaN","current [A]":"NaN","power [W]":"NaN"}
{"voltage (set) [V]":"NaN","voltage [V]":"NaN","current (set) [A]":"NaN","current [A]":"NaN","power [W]":"NaN","timestamp":"2021-06-06T22:05:30.610Z"}
{"voltage [V]":"NaN","current (set) [A]":"NaN","current [A]":"NaN","power [W]":"NaN","timestamp":"2021-06-06T22:05:31.610Z","voltage (set) [V]":"NaN"}
{"current (set) [A]":"NaN","current [A]":"NaN","power [W]":"NaN","timestamp":"2021-06-06T22:05:32.611Z","voltage (set) [V]":"NaN","voltage [V]":"NaN"}
{"current [A]":"NaN","power [W]":"NaN","timestamp":"2021-06-06T22:05:33.612Z","voltage (set) [V]":"NaN","voltage [V]":"NaN","current (set) [A]":"NaN"}
{"power [W]":"NaN","timestamp":"2021-06-06T22:05:34.613Z","voltage (set) [V]":"NaN","voltage [V]":"NaN","current (set) [A]":"NaN","current [A]":"NaN"}
{"timestamp":"2021-06-06T22:05:36.614Z","voltage (set) [V]":"NaN","voltage [V]":"NaN","current (set) [A]":"NaN","current [A]":"NaN","power [W]":"NaN"}
{"voltage (set) [V]":"NaN","voltage [V]":"NaN","current (set) [A]":"NaN","current [A]":"NaN","power [W]":"NaN","timestamp":"2021-06-06T22:05:37.617Z"}
{"voltage [V]":"NaN","current (set) [A]":"NaN","current [A]":"NaN","power [W]":"NaN","timestamp":"2021-06-06T22:05:38.614Z","voltage (set) [V]":"NaN"}
{"current (set) [A]":"NaN","current [A]":"NaN","power [W]":"NaN","timestamp":"2021-06-06T22:05:39.618Z","voltage (set) [V]":"NaN","voltage [V]":"NaN"}
{"current [A]":"NaN","power [W]":"NaN","timestamp":"2021-06-06T22:05:40.616Z","voltage (set) [V]":"NaN","voltage [V]":"NaN","current (set) [A]":"NaN"}
{"power [W]":"NaN","timestamp":"2021-06-06T22:05:41.616Z","voltage (set) [V]":"NaN","voltage [V]":"NaN","current (set) [A]":"NaN","current [A]":"NaN"}
{"timestamp":"2021-06-06T22:05:43.617Z","voltage (set) [V]":"NaN","voltage [V]":"NaN","current (set) [A]":"NaN","current [A]":"NaN","power [W]":"NaN"}
{"voltage (set) [V]":"NaN","voltage [V]":"NaN","current (set) [A]":"NaN","current [A]":"NaN","power [W]":"NaN","timestamp":"2021-06-06T22:05:44.621Z"}
{"voltage [V]":"NaN","current (set) [A]":"NaN","current [A]":"NaN","power [W]":"NaN","timestamp":"2021-06-06T22:05:45.618Z","voltage (set) [V]":"NaN"}
{"current (set) [A]":"NaN","current [A]":"NaN","power [W]":"NaN","timestamp":"2021-06-06T22:05:46.622Z","voltage (set) [V]":"NaN","voltage [V]":"NaN"}
{"current [A]":"NaN","power [W]":"NaN","timestamp":"2021-06-06T22:05:47.619Z","voltage (set) [V]":"NaN","voltage [V]":"NaN","current (set) [A]":"NaN"}
{"power [W]":"NaN","timestamp":"2021-06-06T22:05:48.620Z","voltage (set) [V]":"NaN","voltage [V]":"NaN","current (set) [A]":"NaN","current [A]":"NaN"}
{"timestamp":"2021-06-06T22:05:50.621Z","voltage (set) [V]":"NaN","voltage [V]":"NaN","current (set) [A]":"NaN","current [A]":"NaN","power [W]":"NaN"}
{"voltage (set) [V]":"NaN","voltage [V]":"NaN","current (set) [A]":"NaN","current [A]":"NaN","power [W]":"NaN","timestamp":"2021-06-06T22:05:51.623Z"}
{"voltage [V]":"NaN","current (set) [A]":"NaN","current [A]":"NaN","power [W]":"NaN","timestamp":"2021-06-06T22:05:52.622Z","voltage (set) [V]":"NaN"}
{"current (set) [A]":"NaN","current [A]":"NaN","power [W]":"NaN","timestamp":"2021-06-06T22:05:53.627Z","voltage (set) [V]":"NaN","voltage [V]":"NaN"}
{"current [A]":"NaN","power [W]":"NaN","timestamp":"2021-06-06T22:05:54.624Z","voltage (set) [V]":"NaN","voltage [V]":"NaN","current (set) [A]":"NaN"}
{"power [W]":"NaN","timestamp":"2021-06-06T22:05:55.628Z","voltage (set) [V]":"NaN","voltage [V]":"NaN","current (set) [A]":"NaN","current [A]":"NaN"}
{"timestamp":"2021-06-06T22:05:57.624Z","voltage (set) [V]":"NaN","voltage [V]":"NaN","current (set) [A]":"NaN","current [A]":"NaN","power [W]":"NaN"}
{"voltage (set) [V]":"NaN","voltage [V]":"NaN","current (set) [A]":"NaN","current [A]":"NaN","power [W]":"NaN","timestamp":"2021-06-06T22:05:58.625Z"}
{"voltage (set) [V]":"NaN","voltage [V]":"NaN","current (set) [A]":"NaN","current [A]":"NaN","timestamp":"2021-06-06T22:06:01.448Z"}
{"current (set) [A]":"NaN","current [A]":"NaN","timestamp":"2021-06-06T22:06:02.437Z","voltage (set) [V]":"NaN","voltage [V]":"NaN"}
{"timestamp":"2021-06-06T22:06:04.441Z","voltage (set) [V]":"NaN","voltage [V]":"NaN","current (set) [A]":"NaN","current [A]":"NaN"}
{"voltage [V]":"NaN","current (set) [A]":"NaN","current [A]":"NaN","timestamp":"2021-06-06T22:06:05.441Z","voltage (set) [V]":"NaN"}
{"current [A]":"NaN","timestamp":"2021-06-06T22:06:07.441Z","voltage (set) [V]":"NaN","voltage [V]":"NaN","current (set) [A]":"NaN"}
{"voltage (set) [V]":"NaN","voltage [V]":"NaN","current (set) [A]":"NaN","current [A]":"NaN","timestamp":"2021-06-06T22:06:08.442Z"}
{"current (set) [A]":"NaN","current [A]":"NaN","timestamp":"2021-06-06T22:06:09.443Z","voltage (set) [V]":"NaN","voltage [V]":"NaN"}
{"timestamp":"2021-06-06T22:06:11.447Z","voltage (set) [V]":"NaN","voltage [V]":"NaN","current (set) [A]":"NaN","current [A]":"NaN"}
{"voltage [V]":"NaN","current (set) [A]":"NaN","current [A]":"NaN","timestamp":"2021-06-06T22:06:12.444Z","voltage (set) [V]":"NaN"}
{"current [A]":"NaN","timestamp":"2021-06-06T22:06:14.445Z","voltage (set) [V]":"NaN","voltage [V]":"NaN","current (set) [A]":"NaN"}
{"voltage (set) [V]":"NaN","voltage [V]":"NaN","current (set) [A]":"NaN","current [A]":"NaN","timestamp":"2021-06-06T22:06:15.446Z"}
{"current (set) [A]":"NaN","current [A]":"NaN","timestamp":"2021-06-06T22:06:16.446Z","voltage (set) [V]":"NaN","voltage [V]":"NaN"}
{"timestamp":"2021-06-06T22:06:18.447Z","voltage (set) [V]":"NaN","voltage [V]":"NaN","current (set) [A]":"NaN","current [A]":"NaN"}
{"voltage [V]":"NaN","current (set) [A]":"NaN","current [A]":"NaN","timestamp":"2021-06-06T22:06:19.449Z","voltage (set) [V]":"NaN"}
{"current [A]":"NaN","timestamp":"2021-06-06T22:06:21.449Z","voltage (set) [V]":"NaN","voltage [V]":"NaN","current (set) [A]":"NaN"}
{"voltage (set) [V]":"NaN","voltage [V]":"NaN","current (set) [A]":"NaN","current [A]":"NaN","timestamp":"2021-06-06T22:06:22.452Z"}
{"current (set) [A]":"NaN","current [A]":"NaN","timestamp":"2021-06-06T22:06:23.450Z","voltage (set) [V]":"NaN","voltage [V]":"NaN"}
{"timestamp":"2021-06-06T22:06:25.449Z","voltage (set) [V]":"NaN","voltage [V]":"NaN","current (set) [A]":"NaN","current [A]":"NaN"}
{"voltage [V]":"NaN","current (set) [A]":"NaN","current [A]":"NaN","timestamp":"2021-06-06T22:06:26.450Z","voltage (set) [V]":"NaN"}
{"current [A]":"NaN","timestamp":"2021-06-06T22:06:28.452Z","voltage (set) [V]":"NaN","voltage [V]":"NaN","current (set) [A]":"NaN"}
{"voltage (set) [V]":"NaN","voltage [V]":"NaN","current (set) [A]":"NaN","current [A]":"NaN","timestamp":"2021-06-06T22:06:29.452Z"}
{"current (set) [A]":"NaN","current [A]":"NaN","timestamp":"2021-06-06T22:06:30.453Z","voltage (set) [V]":"NaN","voltage [V]":"NaN"}
{"timestamp":"2021-06-06T22:06:32.454Z","voltage (set) [V]":"NaN","voltage [V]":"NaN","current (set) [A]":"NaN","current [A]":"NaN"}
{"voltage [V]":"NaN","current (set) [A]":"NaN","current [A]":"NaN","timestamp":"2021-06-06T22:06:33.458Z","voltage (set) [V]":"NaN"}
{"current [A]":"NaN","timestamp":"2021-06-06T22:06:35.457Z","voltage (set) [V]":"NaN","voltage [V]":"NaN","current (set) [A]":"NaN"}
{"voltage (set) [V]":"NaN","voltage [V]":"NaN","current (set) [A]":"NaN","current [A]":"NaN","timestamp":"2021-06-06T22:06:36.454Z"}
{"current (set) [A]":"NaN","current [A]":"NaN","timestamp":"2021-06-06T22:06:37.463Z","voltage (set) [V]":"NaN","voltage [V]":"NaN"}
{"timestamp":"2021-06-06T22:06:39.456Z","voltage (set) [V]":"NaN","voltage [V]":"NaN","current (set) [A]":"NaN","current [A]":"NaN"}
{"voltage [V]":"NaN","current (set) [A]":"NaN","current [A]":"NaN","timestamp":"2021-06-06T22:06:40.457Z","voltage (set) [V]":"NaN"}
{"current [A]":"NaN","timestamp":"2021-06-06T22:06:42.460Z","voltage (set) [V]":"NaN","voltage [V]":"NaN","current (set) [A]":"NaN"}
{"voltage (set) [V]":"NaN","voltage [V]":"NaN","current (set) [A]":"NaN","current [A]":"NaN","timestamp":"2021-06-06T22:06:43.458Z"}
{"current (set) [A]":"NaN","current [A]":"NaN","timestamp":"2021-06-06T22:06:44.462Z","voltage (set) [V]":"NaN","voltage [V]":"NaN"}
{"timestamp":"2021-06-06T22:06:46.460Z","voltage (set) [V]":"NaN","voltage [V]":"NaN","current (set) [A]":"NaN","current [A]":"NaN"}
{"voltage [V]":"NaN","current (set) [A]":"NaN","current [A]":"NaN","timestamp":"2021-06-06T22:06:47.461Z","voltage (set) [V]":"NaN"}
{"current [A]":"NaN","timestamp":"2021-06-06T22:06:49.461Z","voltage (set) [V]":"NaN","voltage [V]":"NaN","current (set) [A]":"NaN"}
{"voltage (set) [V]":"NaN","voltage [V]":"NaN","current (set) [A]":"NaN","current [A]":"NaN","timestamp":"2021-06-06T22:06:50.462Z"}
{"current (set) [A]":"NaN","current [A]":"NaN","timestamp":"2021-06-06T22:06:51.463Z","voltage (set) [V]":"NaN","voltage [V]":"NaN"}
{"timestamp":"2021-06-06T22:06:53.465Z","voltage (set) [V]":"NaN","voltage [V]":"NaN","current (set) [A]":"NaN","current [A]":"NaN"}
{"voltage [V]":"NaN","current (set) [A]":"NaN","current [A]":"NaN","timestamp":"2021-06-06T22:06:54.465Z","voltage (set) [V]":"NaN"}
{"current [A]":"NaN","timestamp":"2021-06-06T22:06:56.465Z","voltage (set) [V]":"NaN","voltage [V]":"NaN","current (set) [A]":"NaN"}
{"voltage (set) [V]":"NaN","voltage [V]":"NaN","current (set) [A]":"NaN","current [A]":"NaN","timestamp":"2021-06-06T22:06:57.468Z"}
{"current (set) [A]":"NaN","current [A]":"NaN","timestamp":"2021-06-06T22:06:58.465Z","voltage (set) [V]":"NaN","voltage [V]":"NaN"}
{"timestamp":"2021-06-06T22:07:00.466Z","voltage (set) [V]":"NaN","voltage [V]":"NaN","current (set) [A]":"NaN","current [A]":"NaN"}
{"voltage [V]":"NaN","current (set) [A]":"NaN","current [A]":"NaN","timestamp":"2021-06-06T22:07:01.465Z","voltage (set) [V]":"NaN"}
{"current [A]":"NaN","timestamp":"2021-06-06T22:07:03.467Z","voltage (set) [V]":"NaN","voltage [V]":"NaN","current (set) [A]":"NaN"}
{"voltage (set) [V]":"NaN","voltage [V]":"NaN","current (set) [A]":"NaN","current [A]":"NaN","timestamp":"2021-06-06T22:07:04.467Z"}
{"current (set) [A]":"NaN","current [A]":"NaN","timestamp":"2021-06-06T22:07:05.468Z","voltage (set) [V]":"NaN","voltage [V]":"NaN"}
{"timestamp":"2021-06-06T22:07:07.469Z","voltage (set) [V]":"NaN","voltage [V]":"NaN","current (set) [A]":"NaN","current [A]":"NaN"}
{"voltage [V]":"NaN","current (set) [A]":"NaN","current [A]":"NaN","timestamp":"2021-06-06T22:07:08.474Z","voltage (set) [V]":"NaN"}
{"current [A]":"NaN","timestamp":"2021-06-06T22:07:10.472Z","voltage (set) [V]":"NaN","voltage [V]":"NaN","current (set) [A]":"NaN"}
{"voltage (set) [V]":"NaN","voltage [V]":"NaN","current (set) [A]":"NaN","current [A]":"NaN","timestamp":"2021-06-06T22:07:11.473Z"}
{"current (set) [A]":"NaN","current [A]":"NaN","timestamp":"2021-06-06T22:07:12.473Z","voltage (set) [V]":"NaN","voltage [V]":"NaN"}
{"timestamp":"2021-06-06T22:07:14.474Z","voltage (set) [V]":"NaN","voltage [V]":"NaN","current (set) [A]":"NaN","current [A]":"NaN"}
{"voltage [V]":"NaN","current (set) [A]":"NaN","current [A]":"NaN","timestamp":"2021-06-06T22:07:15.475Z","voltage (set) [V]":"NaN"}
{"current [A]":"NaN","timestamp":"2021-06-06T22:07:17.477Z","voltage (set) [V]":"NaN","voltage [V]":"NaN","current (set) [A]":"NaN"}
{"voltage (set) [V]":"NaN","voltage [V]":"NaN","current (set) [A]":"NaN","current [A]":"NaN","timestamp":"2021-06-06T22:07:18.477Z"}
{"current (set) [A]":"NaN","current [A]":"NaN","timestamp":"2021-06-06T22:07:19.481Z","voltage (set) [V]":"NaN","voltage [V]":"NaN"}
{"timestamp":"2021-06-06T22:07:21.483Z","voltage (set) [V]":"NaN","voltage [V]":"NaN","current (set) [A]":"NaN","current [A]":"NaN"}
{"voltage [V]":"NaN","current (set) [A]":"NaN","current [A]":"NaN","timestamp":"2021-06-06T22:07:22.480Z","voltage (set) [V]":"NaN"}
{"current [A]":"NaN","timestamp":"2021-06-06T22:07:24.482Z","voltage (set) [V]":"NaN","voltage [V]":"NaN","current (set) [A]":"NaN"}
{"voltage (set) [V]":"NaN","voltage [V]":"NaN","current (set) [A]":"NaN","current [A]":"NaN","timestamp":"2021-06-06T22:07:25.482Z"}
{"current (set) [A]":"NaN","current [A]":"NaN","timestamp":"2021-06-06T22:07:26.483Z","voltage (set) [V]":"NaN","voltage [V]":"NaN"}
{"timestamp":"2021-06-06T22:07:28.484Z","voltage (set) [V]":"NaN","voltage [V]":"NaN","current (set) [A]":"NaN","current [A]":"NaN"}
{"voltage [V]":"NaN","current (set) [A]":"NaN","current [A]":"NaN","timestamp":"2021-06-06T22:07:29.483Z","voltage (set) [V]":"NaN"}
{"current [A]":"NaN","timestamp":"2021-06-06T22:07:31.485Z","voltage (set) [V]":"NaN","voltage [V]":"NaN","current (set) [A]":"NaN"}
{"voltage (set) [V]":"NaN","voltage [V]":"NaN","current (set) [A]":"NaN","current [A]":"NaN","timestamp":"2021-06-06T22:07:32.489Z"}
{"current (set) [A]":"NaN","current [A]":"NaN","timestamp":"2021-06-06T22:07:33.486Z","voltage (set) [V]":"NaN","voltage [V]":"NaN"}
{"timestamp":"2021-06-06T22:07:35.489Z","voltage (set) [V]":"NaN","voltage [V]":"NaN","current (set) [A]":"NaN","current [A]":"NaN"}
{"voltage [V]":"NaN","current (set) [A]":"NaN","current [A]":"NaN","timestamp":"2021-06-06T22:07:36.490Z","voltage (set) [V]":"NaN"}
{"current [A]":"NaN","timestamp":"2021-06-06T22:07:38.490Z","voltage (set) [V]":"NaN","voltage [V]":"NaN","current (set) [A]":"NaN"}
{"voltage (set) [V]":"NaN","voltage [V]":"NaN","current (set) [A]":"NaN","current [A]":"NaN","timestamp":"2021-06-06T22:07:39.491Z"}
{"current (set) [A]":"NaN","current [A]":"NaN","timestamp":"2021-06-06T22:07:40.492Z","voltage (set) [V]":"NaN","voltage [V]":"NaN"}
{"voltage (set) [V]":"NaN","voltage [V]":"NaN","current (set) [A]":"NaN","current [A]":"NaN","timestamp":"2021-06-06T22:07:51.822Z"}
{"current (set) [A]":"NaN","current [A]":"NaN","timestamp":"2021-06-06T22:07:52.823Z","voltage (set) [V]":"NaN","voltage [V]":"NaN"}
{"timestamp":"2021-06-06T22:07:54.821Z","voltage (set) [V]":"NaN","voltage [V]":"NaN","current (set) [A]":"NaN","current [A]":"NaN"}
{"voltage [V]":"NaN","current (set) [A]":"NaN","current [A]":"NaN","timestamp":"2021-06-06T22:07:55.820Z","voltage (set) [V]":"NaN"}
{"current [A]":"NaN","timestamp":"2021-06-06T22:07:57.825Z","voltage (set) [V]":"NaN","voltage [V]":"NaN","current (set) [A]":"NaN"}
{"voltage (set) [V]":"NaN","voltage [V]":"NaN","current (set) [A]":"NaN","current [A]":"NaN","timestamp":"2021-06-06T22:07:58.822Z"}
{"current (set) [A]":"NaN","current [A]":"NaN","timestamp":"2021-06-06T22:07:59.826Z","voltage (set) [V]":"NaN","voltage [V]":"NaN"}
{"timestamp":"2021-06-06T22:08:01.825Z","voltage (set) [V]":"NaN","voltage [V]":"NaN","current (set) [A]":"NaN","current [A]":"NaN"}
{"voltage [V]":"NaN","current (set) [A]":"NaN","current [A]":"NaN","timestamp":"2021-06-06T22:08:02.824Z","voltage (set) [V]":"NaN"}
{"current [A]":"NaN","timestamp":"2021-06-06T22:08:04.826Z","voltage (set) [V]":"NaN","voltage [V]":"NaN","current (set) [A]":"NaN"}
{"voltage (set) [V]":"NaN","voltage [V]":"NaN","current (set) [A]":"NaN","current [A]":"NaN","timestamp":"2021-06-06T22:08:05.826Z"}
{"current (set) [A]":"NaN","current [A]":"NaN","timestamp":"2021-06-06T22:08:06.825Z","voltage (set) [V]":"NaN","voltage [V]":"NaN"}
{"timestamp":"2021-06-06T22:08:08.831Z","voltage (set) [V]":"NaN","voltage [V]":"NaN","current (set) [A]":"NaN","current [A]":"NaN"}
{"voltage [V]":"NaN","current (set) [A]":"NaN","current [A]":"NaN","timestamp":"2021-06-06T22:08:09.827Z","voltage (set) [V]":"NaN"}
{"current [A]":"NaN","timestamp":"2021-06-06T22:08:11.827Z","voltage (set) [V]":"NaN","voltage [V]":"NaN","current (set) [A]":"NaN"}
{"voltage (set) [V]":"NaN","voltage [V]":"NaN","current (set) [A]":"NaN","current [A]":"NaN","timestamp":"2021-06-06T22:08:12.826Z"}
{"current (set) [A]":"NaN","current [A]":"NaN","timestamp":"2021-06-06T22:08:13.827Z","voltage (set) [V]":"NaN","voltage [V]":"NaN"}
{"timestamp":"2021-06-06T22:08:15.828Z","voltage (set) [V]":"NaN","voltage [V]":"NaN","current (set) [A]":"NaN","current [A]":"NaN"}
{"voltage [V]":"NaN","current (set) [A]":"NaN","current [A]":"NaN","timestamp":"2021-06-06T22:08:16.829Z","voltage (set) [V]":"NaN"}
{"current [A]":"NaN","timestamp":"2021-06-06T22:08:18.829Z","voltage (set) [V]":"NaN","voltage [V]":"NaN","current (set) [A]":"NaN"}
{"voltage (set) [V]":"NaN","voltage [V]":"NaN","current (set) [A]":"NaN","current [A]":"NaN","timestamp":"2021-06-06T22:08:19.832Z"}
{"current (set) [A]":"NaN","current [A]":"NaN","timestamp":"2021-06-06T22:08:20.829Z","voltage (set) [V]":"NaN","voltage [V]":"NaN"}
{"timestamp":"2021-06-06T22:08:22.831Z","voltage (set) [V]":"NaN","voltage [V]":"NaN","current (set) [A]":"NaN","current [A]":"NaN"}
{"voltage [V]":"NaN","current (set) [A]":"NaN","current [A]":"NaN","timestamp":"2021-06-06T22:08:23.832Z","voltage (set) [V]":"NaN"}
{"current [A]":"NaN","timestamp":"2021-06-06T22:08:25.833Z","voltage (set) [V]":"NaN","voltage [V]":"NaN","current (set) [A]":"NaN"}
{"voltage (set) [V]":"NaN","voltage [V]":"NaN","current (set) [A]":"NaN","current [A]":"NaN","timestamp":"2021-06-06T22:08:26.839Z"}
{"current (set) [A]":"NaN","current [A]":"NaN","timestamp":"2021-06-06T22:08:27.833Z","voltage (set) [V]":"NaN","voltage [V]":"NaN"}
{"timestamp":"2021-06-06T22:08:29.835Z","voltage (set) [V]":"NaN","voltage [V]":"NaN","current (set) [A]":"NaN","current [A]":"NaN"}
{"voltage [V]":"NaN","current (set) [A]":"NaN","current [A]":"NaN","timestamp":"2021-06-06T22:08:30.840Z","voltage (set) [V]":"NaN"}
{"current [A]":"NaN","timestamp":"2021-06-06T22:08:32.837Z","voltage (set) [V]":"NaN","voltage [V]":"NaN","current (set) [A]":"NaN"}
{"voltage (set) [V]":"NaN","voltage [V]":"NaN","current (set) [A]":"NaN","current [A]":"NaN","timestamp":"2021-06-06T22:08:33.838Z"}
{"current (set) [A]":"NaN","current [A]":"NaN","timestamp":"2021-06-06T22:08:34.839Z","voltage (set) [V]":"NaN","voltage [V]":"NaN"}
{"timestamp":"2021-06-06T22:08:36.838Z","voltage (set) [V]":"NaN","voltage [V]":"NaN","current (set) [A]":"NaN","current [A]":"NaN"}
{"voltage [V]":"NaN","current (set) [A]":"NaN","current [A]":"NaN","timestamp":"2021-06-06T22:08:37.839Z","voltage (set) [V]":"NaN"}
{"current [A]":"NaN","timestamp":"2021-06-06T22:08:39.849Z","voltage (set) [V]":"NaN","voltage [V]":"NaN","current (set) [A]":"NaN"}
{"voltage (set) [V]":"NaN","voltage [V]":"NaN","current (set) [A]":"NaN","current [A]":"NaN","timestamp":"2021-06-06T22:08:40.840Z"}
{"current (set) [A]":"NaN","current [A]":"NaN","timestamp":"2021-06-06T22:08:41.844Z","voltage (set) [V]":"NaN","voltage [V]":"NaN"}
{"timestamp":"2021-06-06T22:08:43.842Z","voltage (set) [V]":"NaN","voltage [V]":"NaN","current (set) [A]":"NaN","current [A]":"NaN"}
{"voltage [V]":"NaN","current (set) [A]":"NaN","current [A]":"NaN","timestamp":"2021-06-06T22:08:44.842Z","voltage (set) [V]":"NaN"}
{"current [A]":"NaN","timestamp":"2021-06-06T22:08:46.842Z","voltage (set) [V]":"NaN","voltage [V]":"NaN","current (set) [A]":"NaN"}
{"voltage (set) [V]":"NaN","voltage [V]":"NaN","current (set) [A]":"NaN","current [A]":"NaN","timestamp":"2021-06-06T22:08:47.844Z"}
{"current (set) [A]":"NaN","current [A]":"NaN","timestamp":"2021-06-06T22:08:48.844Z","voltage (set) [V]":"NaN","voltage [V]":"NaN"}
{"timestamp":"2021-06-06T22:08:50.848Z","voltage (set) [V]":"NaN","voltage [V]":"NaN","current (set) [A]":"NaN","current [A]":"NaN"}
{"voltage [V]":"NaN","current (set) [A]":"NaN","current [A]":"NaN","timestamp":"2021-06-06T22:08:51.844Z","voltage (set) [V]":"NaN"}
{"current [A]":"NaN","timestamp":"2021-06-06T22:08:53.845Z","voltage (set) [V]":"NaN","voltage [V]":"NaN","current (set) [A]":"NaN"}
{"voltage (set) [V]":"NaN","voltage [V]":"NaN","current (set) [A]":"NaN","current [A]":"NaN","timestamp":"2021-06-06T22:08:54.846Z"}
{"current (set) [A]":"NaN","current [A]":"NaN","timestamp":"2021-06-06T22:08:55.847Z","voltage (set) [V]":"NaN","voltage [V]":"NaN"}
{"timestamp":"2021-06-06T22:08:57.848Z","voltage (set) [V]":"NaN","voltage [V]":"NaN","current (set) [A]":"NaN","current [A]":"NaN"}
{"voltage [V]":"NaN","current (set) [A]":"NaN","current [A]":"NaN","timestamp":"2021-06-06T22:08:58.849Z","voltage (set) [V]":"NaN"}
{"current [A]":"NaN","timestamp":"2021-06-06T22:09:00.850Z","voltage (set) [V]":"NaN","voltage [V]":"NaN","current (set) [A]":"NaN"}
{"voltage (set) [V]":"NaN","voltage [V]":"NaN","current (set) [A]":"NaN","current [A]":"NaN","timestamp":"2021-06-06T22:09:01.853Z"}
{"current (set) [A]":"NaN","current [A]":"NaN","timestamp":"2021-06-06T22:09:02.849Z","voltage (set) [V]":"NaN","voltage [V]":"NaN"}
{"timestamp":"2021-06-06T22:09:04.851Z","voltage (set) [V]":"NaN","voltage [V]":"NaN","current (set) [A]":"NaN","current [A]":"NaN"}
{"voltage [V]":"NaN","current (set) [A]":"NaN","current [A]":"NaN","timestamp":"2021-06-06T22:09:05.852Z","voltage (set) [V]":"NaN"}
{"current [A]":"NaN","timestamp":"2021-06-06T22:09:07.853Z","voltage (set) [V]":"NaN","voltage [V]":"NaN","current (set) [A]":"NaN"}
{"voltage (set) [V]":"NaN","voltage [V]":"NaN","current (set) [A]":"NaN","current [A]":"NaN","timestamp":"2021-06-06T22:09:08.852Z"}
{"current (set) [A]":"NaN","current [A]":"NaN","timestamp":"2021-06-06T22:09:09.854Z","voltage (set) [V]":"NaN","voltage [V]":"NaN"}
{"timestamp":"2021-06-06T22:09:11.855Z","voltage (set) [V]":"NaN","voltage [V]":"NaN","current (set) [A]":"NaN","current [A]":"NaN"}
{"voltage [V]":"NaN","current (set) [A]":"NaN","current [A]":"NaN","timestamp":"2021-06-06T22:09:12.860Z","voltage (set) [V]":"NaN"}
{"current [A]":"NaN","timestamp":"2021-06-06T22:09:14.861Z","voltage (set) [V]":"NaN","voltage [V]":"NaN","current (set) [A]":"NaN"}
{"voltage (set) [V]":"NaN","voltage [V]":"NaN","current (set) [A]":"NaN","current [A]":"NaN","timestamp":"2021-06-06T22:09:15.858Z"}
{"current (set) [A]":"NaN","current [A]":"NaN","timestamp":"2021-06-06T22:09:16.861Z","voltage (set) [V]":"NaN","voltage [V]":"NaN"}
{"timestamp":"2021-06-06T22:09:18.860Z","voltage (set) [V]":"NaN","voltage [V]":"NaN","current (set) [A]":"NaN","current [A]":"NaN"}
{"voltage [V]":"NaN","current (set) [A]":"NaN","current [A]":"NaN","timestamp":"2021-06-06T22:09:19.861Z","voltage (set) [V]":"NaN"}
{"current [A]":"NaN","timestamp":"2021-06-06T22:09:21.862Z","voltage (set) [V]":"NaN","voltage [V]":"NaN","current (set) [A]":"NaN"}
{"voltage (set) [V]":"NaN","voltage [V]":"NaN","current (set) [A]":"NaN","current [A]":"NaN","timestamp":"2021-06-06T22:09:22.862Z"}
